###############################################################################
#
# IAR ANSI C/C++ Compiler V7.70.2.11706/W32 for ARM       22/Dec/2017  10:34:33
# Copyright 1999-2016 IAR Systems AB.
#
#    Cpu mode     =  thumb
#    Endian       =  little
#    Source file  =  
#        C:\Users\prasa\Documents\1.0.0\sources\stm32f4x\STM32F4xx_StdPeriph_Driver\src\stm32f4xx_crc.c
#    Command line =  
#        C:\Users\prasa\Documents\1.0.0\sources\stm32f4x\STM32F4xx_StdPeriph_Driver\src\stm32f4xx_crc.c
#        -D IAR_COMPILER -D __inline=inline -D INV_MSG_ENABLE -D ASSERT -D
#        NUCLEO -D USE_STDPERIPH_DRIVER -D USE_HSE_BYPASS -D HSE_VALUE=8000000
#        -D STM32F411xE -lC
#        C:\Users\prasa\Documents\1.0.0\sources\examples\example-icm20948\build\example-icm20948\list
#        --diag_suppress Pa050 -o
#        C:\Users\prasa\Documents\1.0.0\sources\examples\example-icm20948\build\example-icm20948\obj
#        --no_unroll --no_inline --no_tbaa --no_scheduling --debug
#        --endian=little --cpu=Cortex-M4 --silent --warnings_are_errors -e
#        --char_is_signed --fpu=VFPv4_sp --dlib_config "C:\Program Files
#        (x86)\IAR Systems\Embedded Workbench
#        7.5\arm\INC\c\DLib_Config_Normal.h" -I
#        C:\Users\prasa\Documents\1.0.0\sources\examples\example-icm20948/../../\
#        -I
#        C:\Users\prasa\Documents\1.0.0\sources\examples\example-icm20948/../../board-hal\
#        -I
#        C:\Users\prasa\Documents\1.0.0\sources\examples\example-icm20948/../../stm32f4x/CMSIS/Core\
#        -I
#        C:\Users\prasa\Documents\1.0.0\sources\examples\example-icm20948/../../stm32f4x/CMSIS/Device\
#        -I
#        C:\Users\prasa\Documents\1.0.0\sources\examples\example-icm20948/../../stm32f4x/STM32F4xx_StdPeriph_Driver/inc\
#        -I
#        C:\Users\prasa\Documents\1.0.0\sources\examples\example-icm20948/../../Invn/Images\
#        -I
#        C:\Users\prasa\Documents\1.0.0\sources\examples\example-icm20948/../../Invn/DynamicProtocol\
#        -Om --use_c++_inline -I "C:\Program Files (x86)\IAR Systems\Embedded
#        Workbench 7.5\arm\CMSIS\Include\"
#    Locale       =  English_United States.1252
#    List file    =  
#        C:\Users\prasa\Documents\1.0.0\sources\examples\example-icm20948\build\example-icm20948\list\stm32f4xx_crc.lst
#    Object file  =  
#        C:\Users\prasa\Documents\1.0.0\sources\examples\example-icm20948\build\example-icm20948\obj\stm32f4xx_crc.o
#
###############################################################################

C:\Users\prasa\Documents\1.0.0\sources\stm32f4x\STM32F4xx_StdPeriph_Driver\src\stm32f4xx_crc.c
      1          /**
      2            ******************************************************************************
      3            * @file    stm32f4xx_crc.c
      4            * @author  MCD Application Team
      5            * @version V1.6.1
      6            * @date    21-October-2015
      7            * @brief   This file provides all the CRC firmware functions.
      8            ******************************************************************************
      9            * @attention
     10            *
     11            * <h2><center>&copy; COPYRIGHT 2015 STMicroelectronics</center></h2>
     12            *
     13            * Licensed under MCD-ST Liberty SW License Agreement V2, (the "License");
     14            * You may not use this file except in compliance with the License.
     15            * You may obtain a copy of the License at:
     16            *
     17            *        http://www.st.com/software_license_agreement_liberty_v2
     18            *
     19            * Unless required by applicable law or agreed to in writing, software 
     20            * distributed under the License is distributed on an "AS IS" BASIS, 
     21            * WITHOUT WARRANTIES OR CONDITIONS OF ANY KIND, either express or implied.
     22            * See the License for the specific language governing permissions and
     23            * limitations under the License.
     24            *
     25            ******************************************************************************
     26            */
     27          
     28          /* Includes ------------------------------------------------------------------*/
     29          #include "stm32f4xx_crc.h"
     30          
     31          /** @addtogroup STM32F4xx_StdPeriph_Driver
     32            * @{
     33            */
     34          
     35          /** @defgroup CRC 
     36            * @brief CRC driver modules
     37            * @{
     38            */
     39          
     40          /* Private typedef -----------------------------------------------------------*/
     41          /* Private define ------------------------------------------------------------*/
     42          /* Private macro -------------------------------------------------------------*/
     43          /* Private variables ---------------------------------------------------------*/
     44          /* Private function prototypes -----------------------------------------------*/
     45          /* Private functions ---------------------------------------------------------*/
     46          
     47          /** @defgroup CRC_Private_Functions
     48            * @{
     49            */
     50          
     51          /**
     52            * @brief  Resets the CRC Data register (DR).
     53            * @param  None
     54            * @retval None
     55            */

   \                                 In section .text, align 2, keep-with-next
     56          void CRC_ResetDR(void)
     57          {
     58            /* Reset CRC generator */
     59            CRC->CR = CRC_CR_RESET;
   \                     CRC_ResetDR: (+1)
   \   00000000   0x2001             MOVS     R0,#+1
   \   00000002   0x....             LDR.N    R1,??DataTable5  ;; 0x40023008
   \   00000004   0x6008             STR      R0,[R1, #+0]
     60          }
   \   00000006   0x4770             BX       LR               ;; return
     61          
     62          /**
     63            * @brief  Computes the 32-bit CRC of a given data word(32-bit).
     64            * @param  Data: data word(32-bit) to compute its CRC
     65            * @retval 32-bit CRC
     66            */

   \                                 In section .text, align 2, keep-with-next
     67          uint32_t CRC_CalcCRC(uint32_t Data)
     68          {
     69            CRC->DR = Data;
   \                     CRC_CalcCRC: (+1)
   \   00000000   0x....             LDR.N    R1,??DataTable5_1  ;; 0x40023000
   \   00000002   0x6008             STR      R0,[R1, #+0]
     70            
     71            return (CRC->DR);
   \   00000004   0x6808             LDR      R0,[R1, #+0]
   \   00000006   0x4770             BX       LR               ;; return
     72          }
     73          
     74          /**
     75            * @brief  Computes the 32-bit CRC of a given buffer of data word(32-bit).
     76            * @param  pBuffer: pointer to the buffer containing the data to be computed
     77            * @param  BufferLength: length of the buffer to be computed					
     78            * @retval 32-bit CRC
     79            */

   \                                 In section .text, align 2, keep-with-next
     80          uint32_t CRC_CalcBlockCRC(uint32_t pBuffer[], uint32_t BufferLength)
     81          {
   \                     CRC_CalcBlockCRC: (+1)
   \   00000000   0xB410             PUSH     {R4}
     82            uint32_t index = 0;
   \   00000002   0x2200             MOVS     R2,#+0
     83            
     84            for(index = 0; index < BufferLength; index++)
   \   00000004   0x....             LDR.N    R3,??DataTable5_1  ;; 0x40023000
   \   00000006   0xE003             B.N      ??CRC_CalcBlockCRC_0
     85            {
     86              CRC->DR = pBuffer[index];
   \                     ??CRC_CalcBlockCRC_1: (+1)
   \   00000008   0xF850 0x4022      LDR      R4,[R0, R2, LSL #+2]
   \   0000000C   0x601C             STR      R4,[R3, #+0]
     87            }
   \   0000000E   0x1C52             ADDS     R2,R2,#+1
   \                     ??CRC_CalcBlockCRC_0: (+1)
   \   00000010   0x428A             CMP      R2,R1
   \   00000012   0xD3F9             BCC.N    ??CRC_CalcBlockCRC_1
     88            return (CRC->DR);
   \   00000014   0x6818             LDR      R0,[R3, #+0]
   \   00000016   0xBC10             POP      {R4}
   \   00000018   0x4770             BX       LR               ;; return
     89          }
     90          
     91          /**
     92            * @brief  Returns the current CRC value.
     93            * @param  None
     94            * @retval 32-bit CRC
     95            */

   \                                 In section .text, align 2, keep-with-next
     96          uint32_t CRC_GetCRC(void)
     97          {
     98            return (CRC->DR);
   \                     CRC_GetCRC: (+1)
   \   00000000   0x....             LDR.N    R0,??DataTable5_1  ;; 0x40023000
   \   00000002   0x6800             LDR      R0,[R0, #+0]
   \   00000004   0x4770             BX       LR               ;; return
     99          }
    100          
    101          /**
    102            * @brief  Stores a 8-bit data in the Independent Data(ID) register.
    103            * @param  IDValue: 8-bit value to be stored in the ID register 					
    104            * @retval None
    105            */

   \                                 In section .text, align 2, keep-with-next
    106          void CRC_SetIDRegister(uint8_t IDValue)
    107          {
    108            CRC->IDR = IDValue;
   \                     CRC_SetIDRegister: (+1)
   \   00000000   0x....             LDR.N    R1,??DataTable5_2  ;; 0x40023004
   \   00000002   0x7008             STRB     R0,[R1, #+0]
    109          }
   \   00000004   0x4770             BX       LR               ;; return
    110          
    111          /**
    112            * @brief  Returns the 8-bit data stored in the Independent Data(ID) register
    113            * @param  None
    114            * @retval 8-bit value of the ID register 
    115            */

   \                                 In section .text, align 2, keep-with-next
    116          uint8_t CRC_GetIDRegister(void)
    117          {
    118            return (CRC->IDR);
   \                     CRC_GetIDRegister: (+1)
   \   00000000   0x....             LDR.N    R0,??DataTable5_2  ;; 0x40023004
   \   00000002   0x7800             LDRB     R0,[R0, #+0]
   \   00000004   0x4770             BX       LR               ;; return
    119          }

   \                                 In section .text, align 4, keep-with-next
   \                     ??DataTable5:
   \   00000000   0x40023008         DC32     0x40023008

   \                                 In section .text, align 4, keep-with-next
   \                     ??DataTable5_1:
   \   00000000   0x40023000         DC32     0x40023000

   \                                 In section .text, align 4, keep-with-next
   \                     ??DataTable5_2:
   \   00000000   0x40023004         DC32     0x40023004
    120          
    121          /**
    122            * @}
    123            */
    124          
    125          /**
    126            * @}
    127            */
    128          
    129          /**
    130            * @}
    131            */
    132          
    133          /************************ (C) COPYRIGHT STMicroelectronics *****END OF FILE****/

   Maximum stack usage in bytes:

   .cstack Function
   ------- --------
       4   CRC_CalcBlockCRC
       0   CRC_CalcCRC
       0   CRC_GetCRC
       0   CRC_GetIDRegister
       0   CRC_ResetDR
       0   CRC_SetIDRegister


   Section sizes:

   Bytes  Function/Label
   -----  --------------
       4  ??DataTable5
       4  ??DataTable5_1
       4  ??DataTable5_2
      26  CRC_CalcBlockCRC
       8  CRC_CalcCRC
       6  CRC_GetCRC
       6  CRC_GetIDRegister
       8  CRC_ResetDR
       6  CRC_SetIDRegister

 
 72 bytes in section .text
 
 72 bytes of CODE memory

Errors: none
Warnings: none
