###############################################################################
#
# IAR ANSI C/C++ Compiler V7.70.2.11706/W32 for ARM       22/Dec/2017  10:34:34
# Copyright 1999-2016 IAR Systems AB.
#
#    Cpu mode     =  thumb
#    Endian       =  little
#    Source file  =  
#        C:\Users\prasa\Documents\1.0.0\sources\stm32f4x\STM32F4xx_StdPeriph_Driver\src\stm32f4xx_cryp_des.c
#    Command line =  
#        C:\Users\prasa\Documents\1.0.0\sources\stm32f4x\STM32F4xx_StdPeriph_Driver\src\stm32f4xx_cryp_des.c
#        -D IAR_COMPILER -D __inline=inline -D INV_MSG_ENABLE -D ASSERT -D
#        NUCLEO -D USE_STDPERIPH_DRIVER -D USE_HSE_BYPASS -D HSE_VALUE=8000000
#        -D STM32F411xE -lC
#        C:\Users\prasa\Documents\1.0.0\sources\examples\example-icm20948\build\example-icm20948\list
#        --diag_suppress Pa050 -o
#        C:\Users\prasa\Documents\1.0.0\sources\examples\example-icm20948\build\example-icm20948\obj
#        --no_unroll --no_inline --no_tbaa --no_scheduling --debug
#        --endian=little --cpu=Cortex-M4 --silent --warnings_are_errors -e
#        --char_is_signed --fpu=VFPv4_sp --dlib_config "C:\Program Files
#        (x86)\IAR Systems\Embedded Workbench
#        7.5\arm\INC\c\DLib_Config_Normal.h" -I
#        C:\Users\prasa\Documents\1.0.0\sources\examples\example-icm20948/../../\
#        -I
#        C:\Users\prasa\Documents\1.0.0\sources\examples\example-icm20948/../../board-hal\
#        -I
#        C:\Users\prasa\Documents\1.0.0\sources\examples\example-icm20948/../../stm32f4x/CMSIS/Core\
#        -I
#        C:\Users\prasa\Documents\1.0.0\sources\examples\example-icm20948/../../stm32f4x/CMSIS/Device\
#        -I
#        C:\Users\prasa\Documents\1.0.0\sources\examples\example-icm20948/../../stm32f4x/STM32F4xx_StdPeriph_Driver/inc\
#        -I
#        C:\Users\prasa\Documents\1.0.0\sources\examples\example-icm20948/../../Invn/Images\
#        -I
#        C:\Users\prasa\Documents\1.0.0\sources\examples\example-icm20948/../../Invn/DynamicProtocol\
#        -Om --use_c++_inline -I "C:\Program Files (x86)\IAR Systems\Embedded
#        Workbench 7.5\arm\CMSIS\Include\"
#    Locale       =  English_United States.1252
#    List file    =  
#        C:\Users\prasa\Documents\1.0.0\sources\examples\example-icm20948\build\example-icm20948\list\stm32f4xx_cryp_des.lst
#    Object file  =  
#        C:\Users\prasa\Documents\1.0.0\sources\examples\example-icm20948\build\example-icm20948\obj\stm32f4xx_cryp_des.o
#
###############################################################################

C:\Users\prasa\Documents\1.0.0\sources\stm32f4x\STM32F4xx_StdPeriph_Driver\src\stm32f4xx_cryp_des.c
      1          /**
      2            ******************************************************************************
      3            * @file    stm32f4xx_cryp_des.c
      4            * @author  MCD Application Team
      5            * @version V1.6.1
      6            * @date    21-October-2015
      7            * @brief   This file provides high level functions to encrypt and decrypt an 
      8            *          input message using DES in ECB/CBC modes.
      9            *          It uses the stm32f4xx_cryp.c/.h drivers to access the STM32F4xx CRYP
     10            *          peripheral.
     11            *
     12          @verbatim
     13            
     14           ===================================================================
     15                            ##### How to use this driver #####
     16           ===================================================================
     17           [..] 
     18             (#) Enable The CRYP controller clock using 
     19                 RCC_AHB2PeriphClockCmd(RCC_AHB2Periph_CRYP, ENABLE); function.
     20            
     21             (#) Encrypt and decrypt using DES in ECB Mode using CRYP_DES_ECB() function.
     22            
     23             (#) Encrypt and decrypt using DES in CBC Mode using CRYP_DES_CBC() function.
     24            
     25          @endverbatim
     26            *
     27            ******************************************************************************
     28            * @attention
     29            *
     30            * <h2><center>&copy; COPYRIGHT 2015 STMicroelectronics</center></h2>
     31            *
     32            * Licensed under MCD-ST Liberty SW License Agreement V2, (the "License");
     33            * You may not use this file except in compliance with the License.
     34            * You may obtain a copy of the License at:
     35            *
     36            *        http://www.st.com/software_license_agreement_liberty_v2
     37            *
     38            * Unless required by applicable law or agreed to in writing, software 
     39            * distributed under the License is distributed on an "AS IS" BASIS, 
     40            * WITHOUT WARRANTIES OR CONDITIONS OF ANY KIND, either express or implied.
     41            * See the License for the specific language governing permissions and
     42            * limitations under the License.
     43            *
     44            ******************************************************************************
     45            */
     46          
     47          /* Includes ------------------------------------------------------------------*/
     48          #include "stm32f4xx_cryp.h"
     49          
     50          
     51          /** @addtogroup STM32F4xx_StdPeriph_Driver
     52            * @{
     53            */
     54          
     55          /** @defgroup CRYP 
     56            * @brief CRYP driver modules
     57            * @{
     58            */
     59          
     60          /* Private typedef -----------------------------------------------------------*/
     61          /* Private define ------------------------------------------------------------*/
     62          #define DESBUSY_TIMEOUT    ((uint32_t) 0x00010000)
     63          
     64          /* Private macro -------------------------------------------------------------*/
     65          /* Private variables ---------------------------------------------------------*/
     66          /* Private function prototypes -----------------------------------------------*/
     67          /* Private functions ---------------------------------------------------------*/
     68          
     69          
     70          /** @defgroup CRYP_Private_Functions
     71            * @{
     72            */ 
     73          
     74          /** @defgroup CRYP_Group8 High Level DES functions
     75           *  @brief   High Level DES functions 
     76           *
     77          @verbatim   
     78           ===============================================================================
     79                                 ##### High Level DES functions #####
     80           ===============================================================================
     81          @endverbatim
     82            * @{
     83            */
     84          
     85          /**
     86            * @brief  Encrypt and decrypt using DES in ECB Mode
     87            * @param  Mode: encryption or decryption Mode.
     88            *           This parameter can be one of the following values:
     89            *            @arg MODE_ENCRYPT: Encryption
     90            *            @arg MODE_DECRYPT: Decryption
     91            * @param  Key: Key used for DES algorithm.
     92            * @param  Ilength: length of the Input buffer, must be a multiple of 8.
     93            * @param  Input: pointer to the Input buffer.
     94            * @param  Output: pointer to the returned buffer.
     95            * @retval An ErrorStatus enumeration value:
     96            *          - SUCCESS: Operation done
     97            *          - ERROR: Operation failed
     98            */

   \                                 In section .text, align 2, keep-with-next
     99          ErrorStatus CRYP_DES_ECB(uint8_t Mode, uint8_t Key[8], uint8_t *Input, 
    100                                   uint32_t Ilength, uint8_t *Output)
    101          {
   \                     CRYP_DES_ECB: (+1)
   \   00000000   0xE92D 0x47F0      PUSH     {R4-R10,LR}
   \   00000004   0xB08E             SUB      SP,SP,#+56
   \   00000006   0x4682             MOV      R10,R0
   \   00000008   0x4689             MOV      R9,R1
   \   0000000A   0x4690             MOV      R8,R2
   \   0000000C   0x461C             MOV      R4,R3
    102            CRYP_InitTypeDef DES_CRYP_InitStructure;
    103            CRYP_KeyInitTypeDef DES_CRYP_KeyInitStructure;
    104            __IO uint32_t counter = 0;
   \   0000000E   0x2000             MOVS     R0,#+0
   \   00000010   0x9000             STR      R0,[SP, #+0]
    105            uint32_t busystatus = 0;
    106            ErrorStatus status = SUCCESS;
   \   00000012   0x2501             MOVS     R5,#+1
    107            uint32_t keyaddr    = (uint32_t)Key;
    108            uint32_t inputaddr  = (uint32_t)Input;
    109            uint32_t outputaddr = (uint32_t)Output;
   \   00000014   0x9E16             LDR      R6,[SP, #+88]
    110            uint32_t i = 0;
   \   00000016   0x4607             MOV      R7,R0
    111          
    112            /* Crypto structures initialisation*/
    113            CRYP_KeyStructInit(&DES_CRYP_KeyInitStructure);
   \   00000018   0xA805             ADD      R0,SP,#+20
   \   0000001A   0x.... 0x....      BL       CRYP_KeyStructInit
    114          
    115            /* Crypto Init for Encryption process */
    116            if( Mode == MODE_ENCRYPT ) /* DES encryption */
   \   0000001E   0xF1BA 0x0F01      CMP      R10,#+1
   \   00000022   0xD102             BNE.N    ??CRYP_DES_ECB_0
    117            {
    118               DES_CRYP_InitStructure.CRYP_AlgoDir  = CRYP_AlgoDir_Encrypt;
   \   00000024   0x4638             MOV      R0,R7
   \   00000026   0x9001             STR      R0,[SP, #+4]
   \   00000028   0xE001             B.N      ??CRYP_DES_ECB_1
    119            }
    120            else/* if( Mode == MODE_DECRYPT )*/ /* DES decryption */
    121            {      
    122               DES_CRYP_InitStructure.CRYP_AlgoDir  = CRYP_AlgoDir_Decrypt;
   \                     ??CRYP_DES_ECB_0: (+1)
   \   0000002A   0x2004             MOVS     R0,#+4
   \   0000002C   0x9001             STR      R0,[SP, #+4]
    123            }
    124          
    125            DES_CRYP_InitStructure.CRYP_AlgoMode = CRYP_AlgoMode_DES_ECB;
   \                     ??CRYP_DES_ECB_1: (+1)
   \   0000002E   0x2010             MOVS     R0,#+16
   \   00000030   0x9002             STR      R0,[SP, #+8]
    126            DES_CRYP_InitStructure.CRYP_DataType = CRYP_DataType_8b;
   \   00000032   0x2080             MOVS     R0,#+128
   \   00000034   0x9003             STR      R0,[SP, #+12]
    127            CRYP_Init(&DES_CRYP_InitStructure);
   \   00000036   0xA801             ADD      R0,SP,#+4
   \   00000038   0x.... 0x....      BL       CRYP_Init
    128          
    129            /* Key Initialisation */
    130            DES_CRYP_KeyInitStructure.CRYP_Key1Left = __REV(*(uint32_t*)(keyaddr));
   \   0000003C   0xF8D9 0x0000      LDR      R0,[R9, #+0]
   \   00000040   0xBA00             REV      R0,R0
   \   00000042   0x9007             STR      R0,[SP, #+28]
    131            keyaddr+=4;
    132            DES_CRYP_KeyInitStructure.CRYP_Key1Right= __REV(*(uint32_t*)(keyaddr));
   \   00000044   0xF109 0x0004      ADD      R0,R9,#+4
   \   00000048   0x6800             LDR      R0,[R0, #+0]
   \   0000004A   0xBA00             REV      R0,R0
   \   0000004C   0x9008             STR      R0,[SP, #+32]
    133            CRYP_KeyInit(& DES_CRYP_KeyInitStructure);
   \   0000004E   0xA805             ADD      R0,SP,#+20
   \   00000050   0x.... 0x....      BL       CRYP_KeyInit
    134          
    135            /* Flush IN/OUT FIFO */
    136            CRYP_FIFOFlush();
   \   00000054   0x.... 0x....      BL       CRYP_FIFOFlush
    137          
    138            /* Enable Crypto processor */
    139            CRYP_Cmd(ENABLE);
   \   00000058   0x4628             MOV      R0,R5
   \   0000005A   0x.... 0x....      BL       CRYP_Cmd
    140          
    141            if(CRYP_GetCmdStatus() == DISABLE)
   \   0000005E   0x.... 0x....      BL       CRYP_GetCmdStatus
   \   00000062   0x2800             CMP      R0,#+0
   \   00000064   0xD10A             BNE.N    ??CRYP_DES_ECB_2
    142            {
    143              /* The CRYP peripheral clock is not enabled or the device doesn't embed 
    144                 the CRYP peripheral (please check the device sales type. */
    145              return(ERROR);
   \   00000066   0x4638             MOV      R0,R7
   \   00000068   0xE02E             B.N      ??CRYP_DES_ECB_3
    146            }
    147            for(i=0; ((i<Ilength) && (status != ERROR)); i+=8)
    148            {
    149          
    150              /* Write the Input block in the Input FIFO */
    151              CRYP_DataIn(*(uint32_t*)(inputaddr));
    152              inputaddr+=4;
    153              CRYP_DataIn(*(uint32_t*)(inputaddr));
    154              inputaddr+=4;
    155          
    156          /* Wait until the complete message has been processed */
    157              counter = 0;
    158              do
    159              {
    160                busystatus = CRYP_GetFlagStatus(CRYP_FLAG_BUSY);
    161                counter++;
    162              }while ((counter != DESBUSY_TIMEOUT) && (busystatus != RESET));
    163          
    164              if (busystatus != RESET)
    165             {
    166                 status = ERROR;
    167              }
    168              else
    169              {
    170          
    171                /* Read the Output block from the Output FIFO */
    172                *(uint32_t*)(outputaddr) = CRYP_DataOut();
   \                     ??CRYP_DES_ECB_4: (+1)
   \   0000006A   0x.... 0x....      BL       CRYP_DataOut
   \   0000006E   0x6030             STR      R0,[R6, #+0]
    173                outputaddr+=4;
   \   00000070   0x1D36             ADDS     R6,R6,#+4
    174                *(uint32_t*)(outputaddr) = CRYP_DataOut();
   \   00000072   0x.... 0x....      BL       CRYP_DataOut
   \   00000076   0x6030             STR      R0,[R6, #+0]
    175                outputaddr+=4;
   \   00000078   0x1D36             ADDS     R6,R6,#+4
    176              }
   \                     ??CRYP_DES_ECB_5: (+1)
   \   0000007A   0x3708             ADDS     R7,R7,#+8
   \                     ??CRYP_DES_ECB_2: (+1)
   \   0000007C   0x42A7             CMP      R7,R4
   \   0000007E   0xD21F             BCS.N    ??CRYP_DES_ECB_6
   \   00000080   0x0028             MOVS     R0,R5
   \   00000082   0xD01D             BEQ.N    ??CRYP_DES_ECB_6
   \   00000084   0xF8D8 0x0000      LDR      R0,[R8, #+0]
   \   00000088   0x.... 0x....      BL       CRYP_DataIn
   \   0000008C   0xF108 0x0804      ADD      R8,R8,#+4
   \   00000090   0xF8D8 0x0000      LDR      R0,[R8, #+0]
   \   00000094   0x.... 0x....      BL       CRYP_DataIn
   \   00000098   0xF108 0x0804      ADD      R8,R8,#+4
   \   0000009C   0x2000             MOVS     R0,#+0
   \   0000009E   0x9000             STR      R0,[SP, #+0]
   \                     ??CRYP_DES_ECB_7: (+1)
   \   000000A0   0x2010             MOVS     R0,#+16
   \   000000A2   0x.... 0x....      BL       CRYP_GetFlagStatus
   \   000000A6   0x9900             LDR      R1,[SP, #+0]
   \   000000A8   0x1C49             ADDS     R1,R1,#+1
   \   000000AA   0x9100             STR      R1,[SP, #+0]
   \   000000AC   0x9900             LDR      R1,[SP, #+0]
   \   000000AE   0xF5B1 0x3F80      CMP      R1,#+65536
   \   000000B2   0xD001             BEQ.N    ??CRYP_DES_ECB_8
   \   000000B4   0x2800             CMP      R0,#+0
   \   000000B6   0xD1F3             BNE.N    ??CRYP_DES_ECB_7
   \                     ??CRYP_DES_ECB_8: (+1)
   \   000000B8   0x2800             CMP      R0,#+0
   \   000000BA   0xD0D6             BEQ.N    ??CRYP_DES_ECB_4
   \   000000BC   0x2500             MOVS     R5,#+0
   \   000000BE   0xE7DC             B.N      ??CRYP_DES_ECB_5
    177            }
    178          
    179            /* Disable Crypto */
    180            CRYP_Cmd(DISABLE);
   \                     ??CRYP_DES_ECB_6: (+1)
   \   000000C0   0x2000             MOVS     R0,#+0
   \   000000C2   0x.... 0x....      BL       CRYP_Cmd
    181          
    182            return status; 
   \   000000C6   0x4628             MOV      R0,R5
   \                     ??CRYP_DES_ECB_3: (+1)
   \   000000C8   0xB00E             ADD      SP,SP,#+56
   \   000000CA   0xE8BD 0x87F0      POP      {R4-R10,PC}      ;; return
    183          }
    184          
    185          /**
    186            * @brief  Encrypt and decrypt using DES in CBC Mode
    187            * @param  Mode: encryption or decryption Mode.
    188            *          This parameter can be one of the following values:
    189            *            @arg MODE_ENCRYPT: Encryption
    190            *            @arg MODE_DECRYPT: Decryption
    191            * @param  Key: Key used for DES algorithm.
    192            * @param  InitVectors: Initialisation Vectors used for DES algorithm.
    193            * @param  Ilength: length of the Input buffer, must be a multiple of 8.
    194            * @param  Input: pointer to the Input buffer.
    195            * @param  Output: pointer to the returned buffer.
    196            * @retval An ErrorStatus enumeration value:
    197            *          - SUCCESS: Operation done
    198            *          - ERROR: Operation failed
    199            */

   \                                 In section .text, align 2, keep-with-next
    200          ErrorStatus CRYP_DES_CBC(uint8_t Mode, uint8_t Key[8], uint8_t InitVectors[8],
    201                                   uint8_t *Input, uint32_t Ilength, uint8_t *Output)
    202          {
   \                     CRYP_DES_CBC: (+1)
   \   00000000   0xE92D 0x47F0      PUSH     {R4-R10,LR}
   \   00000004   0xB092             SUB      SP,SP,#+72
   \   00000006   0x4682             MOV      R10,R0
   \   00000008   0x4688             MOV      R8,R1
   \   0000000A   0x4691             MOV      R9,R2
    203            CRYP_InitTypeDef DES_CRYP_InitStructure;
    204            CRYP_KeyInitTypeDef DES_CRYP_KeyInitStructure;
    205            CRYP_IVInitTypeDef DES_CRYP_IVInitStructure;
    206            __IO uint32_t counter = 0;
   \   0000000C   0x2000             MOVS     R0,#+0
   \   0000000E   0x9000             STR      R0,[SP, #+0]
    207            uint32_t busystatus = 0;
    208            ErrorStatus status = SUCCESS;
   \   00000010   0x2501             MOVS     R5,#+1
    209            uint32_t keyaddr    = (uint32_t)Key;
    210            uint32_t inputaddr  = (uint32_t)Input;
   \   00000012   0x461C             MOV      R4,R3
    211            uint32_t outputaddr = (uint32_t)Output;
   \   00000014   0x9F1B             LDR      R7,[SP, #+108]
    212            uint32_t ivaddr     = (uint32_t)InitVectors;
    213            uint32_t i = 0;
   \   00000016   0x4606             MOV      R6,R0
    214          
    215            /* Crypto structures initialisation*/
    216            CRYP_KeyStructInit(&DES_CRYP_KeyInitStructure);
   \   00000018   0xA809             ADD      R0,SP,#+36
   \   0000001A   0x.... 0x....      BL       CRYP_KeyStructInit
    217          
    218            /* Crypto Init for Encryption process */
    219            if(Mode == MODE_ENCRYPT) /* DES encryption */
   \   0000001E   0xF1BA 0x0F01      CMP      R10,#+1
   \   00000022   0xD102             BNE.N    ??CRYP_DES_CBC_0
    220            {
    221               DES_CRYP_InitStructure.CRYP_AlgoDir  = CRYP_AlgoDir_Encrypt;
   \   00000024   0x4630             MOV      R0,R6
   \   00000026   0x9001             STR      R0,[SP, #+4]
   \   00000028   0xE001             B.N      ??CRYP_DES_CBC_1
    222            }
    223            else /*if(Mode == MODE_DECRYPT)*/ /* DES decryption */
    224            {
    225               DES_CRYP_InitStructure.CRYP_AlgoDir  = CRYP_AlgoDir_Decrypt;
   \                     ??CRYP_DES_CBC_0: (+1)
   \   0000002A   0x2004             MOVS     R0,#+4
   \   0000002C   0x9001             STR      R0,[SP, #+4]
    226            }
    227          
    228            DES_CRYP_InitStructure.CRYP_AlgoMode = CRYP_AlgoMode_DES_CBC;
   \                     ??CRYP_DES_CBC_1: (+1)
   \   0000002E   0x2018             MOVS     R0,#+24
   \   00000030   0x9002             STR      R0,[SP, #+8]
    229            DES_CRYP_InitStructure.CRYP_DataType = CRYP_DataType_8b;
   \   00000032   0x2080             MOVS     R0,#+128
   \   00000034   0x9003             STR      R0,[SP, #+12]
    230            CRYP_Init(&DES_CRYP_InitStructure);
   \   00000036   0xA801             ADD      R0,SP,#+4
   \   00000038   0x.... 0x....      BL       CRYP_Init
    231          
    232            /* Key Initialisation */
    233            DES_CRYP_KeyInitStructure.CRYP_Key1Left = __REV(*(uint32_t*)(keyaddr));
   \   0000003C   0xF8D8 0x0000      LDR      R0,[R8, #+0]
   \   00000040   0xBA00             REV      R0,R0
   \   00000042   0x900B             STR      R0,[SP, #+44]
    234            keyaddr+=4;
    235            DES_CRYP_KeyInitStructure.CRYP_Key1Right= __REV(*(uint32_t*)(keyaddr));
   \   00000044   0xF108 0x0004      ADD      R0,R8,#+4
   \   00000048   0x6800             LDR      R0,[R0, #+0]
   \   0000004A   0xBA00             REV      R0,R0
   \   0000004C   0x900C             STR      R0,[SP, #+48]
    236            CRYP_KeyInit(& DES_CRYP_KeyInitStructure);
   \   0000004E   0xA809             ADD      R0,SP,#+36
   \   00000050   0x.... 0x....      BL       CRYP_KeyInit
    237          
    238            /* Initialization Vectors */
    239            DES_CRYP_IVInitStructure.CRYP_IV0Left = __REV(*(uint32_t*)(ivaddr));
   \   00000054   0xF8D9 0x0000      LDR      R0,[R9, #+0]
   \   00000058   0xBA00             REV      R0,R0
   \   0000005A   0x9005             STR      R0,[SP, #+20]
    240            ivaddr+=4;
    241            DES_CRYP_IVInitStructure.CRYP_IV0Right= __REV(*(uint32_t*)(ivaddr));
   \   0000005C   0xF109 0x0004      ADD      R0,R9,#+4
   \   00000060   0x6800             LDR      R0,[R0, #+0]
   \   00000062   0xBA00             REV      R0,R0
   \   00000064   0x9006             STR      R0,[SP, #+24]
    242            CRYP_IVInit(&DES_CRYP_IVInitStructure);
   \   00000066   0xA805             ADD      R0,SP,#+20
   \   00000068   0x.... 0x....      BL       CRYP_IVInit
    243          
    244            /* Flush IN/OUT FIFO */
    245            CRYP_FIFOFlush();
   \   0000006C   0x.... 0x....      BL       CRYP_FIFOFlush
    246            
    247            /* Enable Crypto processor */
    248            CRYP_Cmd(ENABLE);
   \   00000070   0x4628             MOV      R0,R5
   \   00000072   0x.... 0x....      BL       CRYP_Cmd
    249          
    250            if(CRYP_GetCmdStatus() == DISABLE)
   \   00000076   0x.... 0x....      BL       CRYP_GetCmdStatus
   \   0000007A   0x2800             CMP      R0,#+0
   \   0000007C   0xD12F             BNE.N    ??CRYP_DES_CBC_2
    251            {
    252              /* The CRYP peripheral clock is not enabled or the device doesn't embed 
    253                 the CRYP peripheral (please check the device sales type. */
    254              return(ERROR);
   \   0000007E   0x4630             MOV      R0,R6
   \   00000080   0xE02A             B.N      ??CRYP_DES_CBC_3
    255            }
    256            for(i=0; ((i<Ilength) && (status != ERROR)); i+=8)
    257            {
    258              /* Write the Input block in the Input FIFO */
    259              CRYP_DataIn(*(uint32_t*)(inputaddr));
    260              inputaddr+=4;
    261              CRYP_DataIn(*(uint32_t*)(inputaddr));
    262              inputaddr+=4;
    263          
    264              /* Wait until the complete message has been processed */
    265              counter = 0;
    266              do
    267              {
    268                busystatus = CRYP_GetFlagStatus(CRYP_FLAG_BUSY);
    269                counter++;
    270              }while ((counter != DESBUSY_TIMEOUT) && (busystatus != RESET));
    271          
    272              if (busystatus != RESET)
    273             {
    274                 status = ERROR;
    275              }
    276              else
    277              {
    278                /* Read the Output block from the Output FIFO */
    279                *(uint32_t*)(outputaddr) = CRYP_DataOut();
   \                     ??CRYP_DES_CBC_4: (+1)
   \   00000082   0x.... 0x....      BL       CRYP_DataOut
   \   00000086   0x6038             STR      R0,[R7, #+0]
    280                outputaddr+=4;
   \   00000088   0x1D3F             ADDS     R7,R7,#+4
    281                *(uint32_t*)(outputaddr) = CRYP_DataOut();
   \   0000008A   0x.... 0x....      BL       CRYP_DataOut
   \   0000008E   0x6038             STR      R0,[R7, #+0]
    282                outputaddr+=4;
   \   00000090   0x1D3F             ADDS     R7,R7,#+4
    283              }
   \                     ??CRYP_DES_CBC_5: (+1)
   \   00000092   0x3608             ADDS     R6,R6,#+8
   \                     ??CRYP_DES_CBC_6: (+1)
   \   00000094   0x4546             CMP      R6,R8
   \   00000096   0xD21B             BCS.N    ??CRYP_DES_CBC_7
   \   00000098   0x0028             MOVS     R0,R5
   \   0000009A   0xD019             BEQ.N    ??CRYP_DES_CBC_7
   \   0000009C   0x6820             LDR      R0,[R4, #+0]
   \   0000009E   0x.... 0x....      BL       CRYP_DataIn
   \   000000A2   0x1D24             ADDS     R4,R4,#+4
   \   000000A4   0x6820             LDR      R0,[R4, #+0]
   \   000000A6   0x.... 0x....      BL       CRYP_DataIn
   \   000000AA   0x1D24             ADDS     R4,R4,#+4
   \   000000AC   0x2000             MOVS     R0,#+0
   \   000000AE   0x9000             STR      R0,[SP, #+0]
   \                     ??CRYP_DES_CBC_8: (+1)
   \   000000B0   0x2010             MOVS     R0,#+16
   \   000000B2   0x.... 0x....      BL       CRYP_GetFlagStatus
   \   000000B6   0x9900             LDR      R1,[SP, #+0]
   \   000000B8   0x1C49             ADDS     R1,R1,#+1
   \   000000BA   0x9100             STR      R1,[SP, #+0]
   \   000000BC   0x9900             LDR      R1,[SP, #+0]
   \   000000BE   0xF5B1 0x3F80      CMP      R1,#+65536
   \   000000C2   0xD001             BEQ.N    ??CRYP_DES_CBC_9
   \   000000C4   0x2800             CMP      R0,#+0
   \   000000C6   0xD1F3             BNE.N    ??CRYP_DES_CBC_8
   \                     ??CRYP_DES_CBC_9: (+1)
   \   000000C8   0x2800             CMP      R0,#+0
   \   000000CA   0xD0DA             BEQ.N    ??CRYP_DES_CBC_4
   \   000000CC   0x2500             MOVS     R5,#+0
   \   000000CE   0xE7E0             B.N      ??CRYP_DES_CBC_5
    284            }
    285          
    286            /* Disable Crypto */
    287            CRYP_Cmd(DISABLE);
   \                     ??CRYP_DES_CBC_7: (+1)
   \   000000D0   0x2000             MOVS     R0,#+0
   \   000000D2   0x.... 0x....      BL       CRYP_Cmd
    288          
    289            return status; 
   \   000000D6   0x4628             MOV      R0,R5
   \                     ??CRYP_DES_CBC_3: (+1)
   \   000000D8   0xB012             ADD      SP,SP,#+72
   \   000000DA   0xE8BD 0x87F0      POP      {R4-R10,PC}      ;; return
   \                     ??CRYP_DES_CBC_2: (+1)
   \   000000DE   0xF8DD 0x8068      LDR      R8,[SP, #+104]
   \   000000E2   0xE7D7             B.N      ??CRYP_DES_CBC_6
    290          }
    291          
    292          /**
    293            * @}
    294            */ 
    295          
    296          /**
    297            * @}
    298            */ 
    299          
    300          /**
    301            * @}
    302            */ 
    303          
    304          /**
    305            * @}
    306            */ 
    307          
    308          /************************ (C) COPYRIGHT STMicroelectronics *****END OF FILE****/

   Maximum stack usage in bytes:

   .cstack Function
   ------- --------
     104   CRYP_DES_CBC
       104   -> CRYP_Cmd
       104   -> CRYP_DataIn
       104   -> CRYP_DataOut
       104   -> CRYP_FIFOFlush
       104   -> CRYP_GetCmdStatus
       104   -> CRYP_GetFlagStatus
       104   -> CRYP_IVInit
       104   -> CRYP_Init
       104   -> CRYP_KeyInit
       104   -> CRYP_KeyStructInit
      88   CRYP_DES_ECB
        88   -> CRYP_Cmd
        88   -> CRYP_DataIn
        88   -> CRYP_DataOut
        88   -> CRYP_FIFOFlush
        88   -> CRYP_GetCmdStatus
        88   -> CRYP_GetFlagStatus
        88   -> CRYP_Init
        88   -> CRYP_KeyInit
        88   -> CRYP_KeyStructInit


   Section sizes:

   Bytes  Function/Label
   -----  --------------
     228  CRYP_DES_CBC
     206  CRYP_DES_ECB

 
 434 bytes in section .text
 
 434 bytes of CODE memory

Errors: none
Warnings: none
