###############################################################################
#
# IAR ANSI C/C++ Compiler V7.70.2.11706/W32 for ARM       22/Dec/2017  10:34:41
# Copyright 1999-2016 IAR Systems AB.
#
#    Cpu mode     =  thumb
#    Endian       =  little
#    Source file  =  
#        C:\Users\prasa\Documents\1.0.0\sources\Invn\Devices\VSensorId.c
#    Command line =  
#        C:\Users\prasa\Documents\1.0.0\sources\Invn\Devices\VSensorId.c -D
#        IAR_COMPILER -D __inline=inline -D INV_MSG_ENABLE -D ASSERT -D NUCLEO
#        -D USE_STDPERIPH_DRIVER -D USE_HSE_BYPASS -D HSE_VALUE=8000000 -D
#        STM32F411xE -lC
#        C:\Users\prasa\Documents\1.0.0\sources\examples\example-icm20948\build\example-icm20948\list
#        --diag_suppress Pa050 -o
#        C:\Users\prasa\Documents\1.0.0\sources\examples\example-icm20948\build\example-icm20948\obj
#        --no_unroll --no_inline --no_tbaa --no_scheduling --debug
#        --endian=little --cpu=Cortex-M4 --silent --warnings_are_errors -e
#        --char_is_signed --fpu=VFPv4_sp --dlib_config "C:\Program Files
#        (x86)\IAR Systems\Embedded Workbench
#        7.5\arm\INC\c\DLib_Config_Normal.h" -I
#        C:\Users\prasa\Documents\1.0.0\sources\examples\example-icm20948/../../\
#        -I
#        C:\Users\prasa\Documents\1.0.0\sources\examples\example-icm20948/../../board-hal\
#        -I
#        C:\Users\prasa\Documents\1.0.0\sources\examples\example-icm20948/../../stm32f4x/CMSIS/Core\
#        -I
#        C:\Users\prasa\Documents\1.0.0\sources\examples\example-icm20948/../../stm32f4x/CMSIS/Device\
#        -I
#        C:\Users\prasa\Documents\1.0.0\sources\examples\example-icm20948/../../stm32f4x/STM32F4xx_StdPeriph_Driver/inc\
#        -I
#        C:\Users\prasa\Documents\1.0.0\sources\examples\example-icm20948/../../Invn/Images\
#        -I
#        C:\Users\prasa\Documents\1.0.0\sources\examples\example-icm20948/../../Invn/DynamicProtocol\
#        -Om --use_c++_inline -I "C:\Program Files (x86)\IAR Systems\Embedded
#        Workbench 7.5\arm\CMSIS\Include\"
#    Locale       =  English_United States.1252
#    List file    =  
#        C:\Users\prasa\Documents\1.0.0\sources\examples\example-icm20948\build\example-icm20948\list\VSensorId.lst
#    Object file  =  
#        C:\Users\prasa\Documents\1.0.0\sources\examples\example-icm20948\build\example-icm20948\obj\VSensorId.o
#
###############################################################################

C:\Users\prasa\Documents\1.0.0\sources\Invn\Devices\VSensorId.c
      1          //-----------------------------------------------------------------------------
      2          /*
      3          	Copyright © 2016 InvenSense Inc. All rights reserved.
      4          	This software, related documentation and any modifications thereto collectively “Software” is subject
      5          	to InvenSense and its licensors' intellectual property rights under U.S. and international copyright and
      6          	other intellectual property rights laws.
      7          	InvenSense and its licensors retain all intellectual property and proprietary rights in and to the Software
      8          	and any use, reproduction, disclosure or distribution of the Software without an express license
      9          	agreement from InvenSense is strictly prohibited.
     10          */
     11          //-----------------------------------------------------------------------------
     12          
     13          #include <string.h>
     14          #include "VSensorId.h"
     15          
     16          //-----------------------------------------------------------------------------
     17          
     18          #define _STR(x) #x
     19          
     20          #define _INV_IMPL_SENSOR_TYPE_CONV(_F) \
     21          	_F(ACCELEROMETER) \
     22          	_F(MAGNETOMETER) \
     23          	_F(ORIENTATION) \
     24          	_F(GYROSCOPE) \
     25          	_F(LIGHT) \
     26          	_F(PRESSURE) \
     27          	_F(TEMPERATURE) \
     28          	_F(PROXIMITY) \
     29          	_F(GRAVITY) \
     30          	_F(LINEAR_ACCELERATION) \
     31          	_F(ROTATION_VECTOR) \
     32          	_F(HUMIDITY) \
     33          	_F(AMBIENT_TEMPERATURE) \
     34          	_F(UNCAL_MAGNETOMETER) \
     35          	_F(GAME_ROTATION_VECTOR) \
     36          	_F(UNCAL_GYROSCOPE) \
     37          	_F(SMD) \
     38          	_F(STEP_DETECTOR) \
     39          	_F(STEP_COUNTER) \
     40          	_F(GEOMAG_ROTATION_VECTOR) \
     41          	_F(HEART_RATE) \
     42          	_F(TILT_DETECTOR) \
     43          	_F(WAKE_GESTURE) \
     44          	_F(GLANCE_GESTURE) \
     45          	_F(PICK_UP_GESTURE) \
     46          	_F(RAW_ACCELEROMETER) \
     47          	_F(RAW_MAGNETOMETER) \
     48          	_F(RAW_GYROSCOPE) \
     49          	_F(RAW_TEMPERATURE) \
     50          	_F(BAC) \
     51          	_F(B2S) \
     52          	_F(PDR) \
     53          	_F(ACC_ROTATION_VECTOR) \
     54          	_F(RAW_PPG) \
     55          	_F(HRV) \
     56          	_F(SLEEP_ANALYSIS) \
     57          	_F(AAR_STATISTICS) \
     58          	_F(ENERGY_EXPENDITURE) \
     59          	_F(FLOOR_CLIMB_COUNTER) \
     60          	_F(AAR_WEARABLE) \
     61          	_F(DOUBLE_TAP) \
     62          	_F(DISTANCE) \
     63          	_F(TS_IMU) \
     64          	_F(SEDENTARY_REMIND) \
     65          	_F(DATA_ENCRYPTION) \
     66          	_F(WOM) \
     67          	_F(CUSTOM_0) \
     68          	_F(CUSTOM_1) \
     69          	_F(CUSTOM_2) \
     70          	_F(CUSTOM_3) \
     71          	_F(CUSTOM_4) \
     72          	_F(CUSTOM_5) \
     73          	_F(CUSTOM_6) \
     74          	_F(CUSTOM_7) \
     75          	/* missing from VSensorID: */ \
     76          	_F(EIS) \
     77          	_F(OIS) \
     78          	_F(CUSTOM_PRESSURE) \
     79          	_F(MIC) \
     80          	_F(SHAKE) \
     81          	_F(FSYNC_EVENT) \
     82          	_F(HIGH_RATE_GYRO) \
     83          	_F(CUSTOM_BSCD) \
     84          	_F(HRM_LOGGER) \
     85          	_F(PREDICTIVE_QUATERNION) \
     86          
     87          //-----------------------------------------------------------------------------
     88          
     89          #define _INV_CASE_SENSOR_TYPE_TO_NAME(_SensorType) \
     90          	case VSENSOR_ID_ ## _SensorType: return _STR(_SensorType);
     91          

   \                                 In section .text, align 4, keep-with-next
     92          const char* inv_sensor_id_name(unsigned int sensor)
     93          {
     94          	switch(INV_SENSOR_ID_TO_TYPE(sensor)) {
   \                     inv_sensor_id_name: (+1)
   \   00000000   0xF020 0x4000      BIC      R0,R0,#0x80000000
   \   00000004   0x1E40             SUBS     R0,R0,#+1
   \   00000006   0x283F             CMP      R0,#+63
   \   00000008   0xF200 0x80D9      BHI.W    ??inv_sensor_id_name_1
   \   0000000C   0xE8DF 0xF000      TBB      [PC, R0]
   \                     ??inv_sensor_id_name_0:
   \   00000010   0x20 0x23          DC8      0x20,0x23,0x26,0x29
   \              0x26 0x29    
   \   00000014   0x2C 0x2F          DC8      0x2C,0x2F,0x32,0x35
   \              0x32 0x35    
   \   00000018   0x38 0x3B          DC8      0x38,0x3B,0x3E,0x41
   \              0x3E 0x41    
   \   0000001C   0x44 0x47          DC8      0x44,0x47,0x4A,0x4D
   \              0x4A 0x4D    
   \   00000020   0x50 0x52          DC8      0x50,0x52,0x55,0x58
   \              0x55 0x58    
   \   00000024   0x5B 0x5E          DC8      0x5B,0x5E,0x61,0x64
   \              0x61 0x64    
   \   00000028   0x67 0x76          DC8      0x67,0x76,0x7A,0x78
   \              0x7A 0x78    
   \   0000002C   0x7C 0xBC          DC8      0x7C,0xBC,0xBE,0x6A
   \              0xBE 0x6A    
   \   00000030   0x70 0x6D          DC8      0x70,0x6D,0x73,0xC0
   \              0x73 0xC0    
   \   00000034   0xC3 0x99          DC8      0xC3,0x99,0x7F,0x82
   \              0x7F 0x82    
   \   00000038   0x84 0x90          DC8      0x84,0x90,0x87,0x8D
   \              0x87 0x8D    
   \   0000003C   0x8A 0x96          DC8      0x8A,0x96,0xC5,0x93
   \              0xC5 0x93    
   \   00000040   0xA4 0xA7          DC8      0xA4,0xA7,0xAA,0xAD
   \              0xAA 0xAD    
   \   00000044   0xB0 0xB3          DC8      0xB0,0xB3,0xB6,0xB9
   \              0xB6 0xB9    
   \   00000048   0xA2 0x9C          DC8      0xA2,0x9C,0x9F,0xC8
   \              0x9F 0xC8    
   \   0000004C   0xCB 0xCE          DC8      0xCB,0xCE,0xD1,0xD4
   \              0xD1 0xD4    
     95          	_INV_IMPL_SENSOR_TYPE_CONV(_INV_CASE_SENSOR_TYPE_TO_NAME)
   \                     ??inv_sensor_id_name_2: (+1)
   \   00000050   0x.... 0x....      ADR.W    R0,?_0
   \   00000054   0x4770             BX       LR
   \                     ??inv_sensor_id_name_3: (+1)
   \   00000056   0x.... 0x....      ADR.W    R0,?_1
   \   0000005A   0x4770             BX       LR
   \                     ??inv_sensor_id_name_4: (+1)
   \   0000005C   0x.... 0x....      ADR.W    R0,?_2
   \   00000060   0x4770             BX       LR
   \                     ??inv_sensor_id_name_5: (+1)
   \   00000062   0x.... 0x....      ADR.W    R0,?_3
   \   00000066   0x4770             BX       LR
   \                     ??inv_sensor_id_name_6: (+1)
   \   00000068   0x.... 0x....      ADR.W    R0,?_4
   \   0000006C   0x4770             BX       LR
   \                     ??inv_sensor_id_name_7: (+1)
   \   0000006E   0x.... 0x....      ADR.W    R0,?_5
   \   00000072   0x4770             BX       LR
   \                     ??inv_sensor_id_name_8: (+1)
   \   00000074   0x.... 0x....      ADR.W    R0,?_6
   \   00000078   0x4770             BX       LR
   \                     ??inv_sensor_id_name_9: (+1)
   \   0000007A   0x.... 0x....      ADR.W    R0,?_7
   \   0000007E   0x4770             BX       LR
   \                     ??inv_sensor_id_name_10: (+1)
   \   00000080   0x.... 0x....      ADR.W    R0,?_8
   \   00000084   0x4770             BX       LR
   \                     ??inv_sensor_id_name_11: (+1)
   \   00000086   0x.... 0x....      ADR.W    R0,?_9
   \   0000008A   0x4770             BX       LR
   \                     ??inv_sensor_id_name_12: (+1)
   \   0000008C   0x.... 0x....      ADR.W    R0,?_10
   \   00000090   0x4770             BX       LR
   \                     ??inv_sensor_id_name_13: (+1)
   \   00000092   0x.... 0x....      ADR.W    R0,?_11
   \   00000096   0x4770             BX       LR
   \                     ??inv_sensor_id_name_14: (+1)
   \   00000098   0x.... 0x....      ADR.W    R0,?_12
   \   0000009C   0x4770             BX       LR
   \                     ??inv_sensor_id_name_15: (+1)
   \   0000009E   0x.... 0x....      ADR.W    R0,?_13
   \   000000A2   0x4770             BX       LR
   \                     ??inv_sensor_id_name_16: (+1)
   \   000000A4   0x.... 0x....      ADR.W    R0,?_14
   \   000000A8   0x4770             BX       LR
   \                     ??inv_sensor_id_name_17: (+1)
   \   000000AA   0x.... 0x....      ADR.W    R0,?_15
   \   000000AE   0x4770             BX       LR
   \                     ??inv_sensor_id_name_18: (+1)
   \   000000B0   0x....             ADR.N    R0,??DataTable65  ;; "SMD"
   \   000000B2   0x4770             BX       LR
   \                     ??inv_sensor_id_name_19: (+1)
   \   000000B4   0x.... 0x....      ADR.W    R0,?_17
   \   000000B8   0x4770             BX       LR
   \                     ??inv_sensor_id_name_20: (+1)
   \   000000BA   0x.... 0x....      ADR.W    R0,?_18
   \   000000BE   0x4770             BX       LR
   \                     ??inv_sensor_id_name_21: (+1)
   \   000000C0   0x.... 0x....      ADR.W    R0,?_19
   \   000000C4   0x4770             BX       LR
   \                     ??inv_sensor_id_name_22: (+1)
   \   000000C6   0x.... 0x....      ADR.W    R0,?_20
   \   000000CA   0x4770             BX       LR
   \                     ??inv_sensor_id_name_23: (+1)
   \   000000CC   0x.... 0x....      ADR.W    R0,?_21
   \   000000D0   0x4770             BX       LR
   \                     ??inv_sensor_id_name_24: (+1)
   \   000000D2   0x.... 0x....      ADR.W    R0,?_22
   \   000000D6   0x4770             BX       LR
   \                     ??inv_sensor_id_name_25: (+1)
   \   000000D8   0x.... 0x....      ADR.W    R0,?_23
   \   000000DC   0x4770             BX       LR
   \                     ??inv_sensor_id_name_26: (+1)
   \   000000DE   0x.... 0x....      ADR.W    R0,?_24
   \   000000E2   0x4770             BX       LR
   \                     ??inv_sensor_id_name_27: (+1)
   \   000000E4   0x.... 0x....      ADR.W    R0,?_25
   \   000000E8   0x4770             BX       LR
   \                     ??inv_sensor_id_name_28: (+1)
   \   000000EA   0x.... 0x....      ADR.W    R0,?_26
   \   000000EE   0x4770             BX       LR
   \                     ??inv_sensor_id_name_29: (+1)
   \   000000F0   0x.... 0x....      ADR.W    R0,?_27
   \   000000F4   0x4770             BX       LR
   \                     ??inv_sensor_id_name_30: (+1)
   \   000000F6   0x.... 0x....      ADR.W    R0,?_28
   \   000000FA   0x4770             BX       LR
   \                     ??inv_sensor_id_name_31: (+1)
   \   000000FC   0x....             ADR.N    R0,??DataTable65_1  ;; "BAC"
   \   000000FE   0x4770             BX       LR
   \                     ??inv_sensor_id_name_32: (+1)
   \   00000100   0x....             ADR.N    R0,??DataTable65_2  ;; "B2S"
   \   00000102   0x4770             BX       LR
   \                     ??inv_sensor_id_name_33: (+1)
   \   00000104   0x....             ADR.N    R0,??DataTable65_3  ;; "PDR"
   \   00000106   0x4770             BX       LR
   \                     ??inv_sensor_id_name_34: (+1)
   \   00000108   0x.... 0x....      ADR.W    R0,?_32
   \   0000010C   0x4770             BX       LR
   \                     ??inv_sensor_id_name_35: (+1)
   \   0000010E   0x.... 0x....      ADR.W    R0,?_33
   \   00000112   0x4770             BX       LR
   \                     ??inv_sensor_id_name_36: (+1)
   \   00000114   0x....             ADR.N    R0,??DataTable65_4  ;; "HRV"
   \   00000116   0x4770             BX       LR
   \                     ??inv_sensor_id_name_37: (+1)
   \   00000118   0x.... 0x....      ADR.W    R0,?_35
   \   0000011C   0x4770             BX       LR
   \                     ??inv_sensor_id_name_38: (+1)
   \   0000011E   0x.... 0x....      ADR.W    R0,?_36
   \   00000122   0x4770             BX       LR
   \                     ??inv_sensor_id_name_39: (+1)
   \   00000124   0x.... 0x....      ADR.W    R0,?_37
   \   00000128   0x4770             BX       LR
   \                     ??inv_sensor_id_name_40: (+1)
   \   0000012A   0x.... 0x....      ADR.W    R0,?_38
   \   0000012E   0x4770             BX       LR
   \                     ??inv_sensor_id_name_41: (+1)
   \   00000130   0x.... 0x....      ADR.W    R0,?_39
   \   00000134   0x4770             BX       LR
   \                     ??inv_sensor_id_name_42: (+1)
   \   00000136   0x.... 0x....      ADR.W    R0,?_40
   \   0000013A   0x4770             BX       LR
   \                     ??inv_sensor_id_name_43: (+1)
   \   0000013C   0x.... 0x....      ADR.W    R0,?_41
   \   00000140   0x4770             BX       LR
   \                     ??inv_sensor_id_name_44: (+1)
   \   00000142   0x.... 0x....      ADR.W    R0,?_42
   \   00000146   0x4770             BX       LR
   \                     ??inv_sensor_id_name_45: (+1)
   \   00000148   0x.... 0x....      ADR.W    R0,?_43
   \   0000014C   0x4770             BX       LR
   \                     ??inv_sensor_id_name_46: (+1)
   \   0000014E   0x.... 0x....      ADR.W    R0,?_44
   \   00000152   0x4770             BX       LR
   \                     ??inv_sensor_id_name_47: (+1)
   \   00000154   0x....             ADR.N    R0,??DataTable65_5  ;; "WOM"
   \   00000156   0x4770             BX       LR
   \                     ??inv_sensor_id_name_48: (+1)
   \   00000158   0x.... 0x....      ADR.W    R0,?_46
   \   0000015C   0x4770             BX       LR
   \                     ??inv_sensor_id_name_49: (+1)
   \   0000015E   0x.... 0x....      ADR.W    R0,?_47
   \   00000162   0x4770             BX       LR
   \                     ??inv_sensor_id_name_50: (+1)
   \   00000164   0x.... 0x....      ADR.W    R0,?_48
   \   00000168   0x4770             BX       LR
   \                     ??inv_sensor_id_name_51: (+1)
   \   0000016A   0x.... 0x....      ADR.W    R0,?_49
   \   0000016E   0x4770             BX       LR
   \                     ??inv_sensor_id_name_52: (+1)
   \   00000170   0x.... 0x....      ADR.W    R0,?_50
   \   00000174   0x4770             BX       LR
   \                     ??inv_sensor_id_name_53: (+1)
   \   00000176   0x.... 0x....      ADR.W    R0,?_51
   \   0000017A   0x4770             BX       LR
   \                     ??inv_sensor_id_name_54: (+1)
   \   0000017C   0x.... 0x....      ADR.W    R0,?_52
   \   00000180   0x4770             BX       LR
   \                     ??inv_sensor_id_name_55: (+1)
   \   00000182   0x.... 0x....      ADR.W    R0,?_53
   \   00000186   0x4770             BX       LR
   \                     ??inv_sensor_id_name_56: (+1)
   \   00000188   0x....             ADR.N    R0,??DataTable65_6  ;; "EIS"
   \   0000018A   0x4770             BX       LR
   \                     ??inv_sensor_id_name_57: (+1)
   \   0000018C   0x....             ADR.N    R0,??DataTable65_7  ;; "OIS"
   \   0000018E   0x4770             BX       LR
   \                     ??inv_sensor_id_name_58: (+1)
   \   00000190   0x.... 0x....      ADR.W    R0,?_56
   \   00000194   0x4770             BX       LR
   \                     ??inv_sensor_id_name_59: (+1)
   \   00000196   0x....             ADR.N    R0,??DataTable65_8  ;; "MIC"
   \   00000198   0x4770             BX       LR
   \                     ??inv_sensor_id_name_60: (+1)
   \   0000019A   0x.... 0x....      ADR.W    R0,?_58
   \   0000019E   0x4770             BX       LR
   \                     ??inv_sensor_id_name_61: (+1)
   \   000001A0   0x.... 0x....      ADR.W    R0,?_59
   \   000001A4   0x4770             BX       LR
   \                     ??inv_sensor_id_name_62: (+1)
   \   000001A6   0x.... 0x....      ADR.W    R0,?_60
   \   000001AA   0x4770             BX       LR
   \                     ??inv_sensor_id_name_63: (+1)
   \   000001AC   0x.... 0x....      ADR.W    R0,?_61
   \   000001B0   0x4770             BX       LR
   \                     ??inv_sensor_id_name_64: (+1)
   \   000001B2   0x.... 0x....      ADR.W    R0,?_62
   \   000001B6   0x4770             BX       LR
   \                     ??inv_sensor_id_name_65: (+1)
   \   000001B8   0x.... 0x....      ADR.W    R0,?_63
   \   000001BC   0x4770             BX       LR
     96          	}
     97          	return "";
   \                     ??inv_sensor_id_name_1: (+1)
   \   000001BE   0x....             ADR.N    R0,??DataTable65_9  ;; ""
   \   000001C0   0x4770             BX       LR               ;; return
     98          }
     99          
    100          //-----------------------------------------------------------------------------
    101          
    102          #define _INV_CASE_SENSOR_TYPE_FROM_NAME(_SensorType) \
    103          	if (!strcmp(sensor_name,_STR(_SensorType))) return VSENSOR_ID_ ## _SensorType;
    104          

   \                                 In section .text, align 4, keep-with-next
    105          unsigned int inv_sensor_id_value(const char* sensor_name)
    106          {
   \                     inv_sensor_id_value: (+1)
   \   00000000   0xB510             PUSH     {R4,LR}
   \   00000002   0x4604             MOV      R4,R0
    107          	_INV_IMPL_SENSOR_TYPE_CONV(_INV_CASE_SENSOR_TYPE_FROM_NAME)
   \   00000004   0x.... 0x....      ADR.W    R1,?_0
   \   00000008   0x.... 0x....      BL       strcmp
   \   0000000C   0x2800             CMP      R0,#+0
   \   0000000E   0xD101             BNE.N    ??inv_sensor_id_value_0
   \   00000010   0x2001             MOVS     R0,#+1
   \   00000012   0xBD10             POP      {R4,PC}
   \                     ??inv_sensor_id_value_0: (+1)
   \   00000014   0x.... 0x....      ADR.W    R1,?_1
   \   00000018   0x4620             MOV      R0,R4
   \   0000001A   0x.... 0x....      BL       strcmp
   \   0000001E   0x2800             CMP      R0,#+0
   \   00000020   0xD101             BNE.N    ??inv_sensor_id_value_1
   \   00000022   0x2002             MOVS     R0,#+2
   \   00000024   0xBD10             POP      {R4,PC}
   \                     ??inv_sensor_id_value_1: (+1)
   \   00000026   0x.... 0x....      ADR.W    R1,?_2
   \   0000002A   0x4620             MOV      R0,R4
   \   0000002C   0x.... 0x....      BL       strcmp
   \   00000030   0x2800             CMP      R0,#+0
   \   00000032   0xD101             BNE.N    ??inv_sensor_id_value_2
   \   00000034   0x2003             MOVS     R0,#+3
   \   00000036   0xBD10             POP      {R4,PC}
   \                     ??inv_sensor_id_value_2: (+1)
   \   00000038   0x.... 0x....      ADR.W    R1,?_3
   \   0000003C   0x4620             MOV      R0,R4
   \   0000003E   0x.... 0x....      BL       strcmp
   \   00000042   0x2800             CMP      R0,#+0
   \   00000044   0xD101             BNE.N    ??inv_sensor_id_value_3
   \   00000046   0x2004             MOVS     R0,#+4
   \   00000048   0xBD10             POP      {R4,PC}
   \                     ??inv_sensor_id_value_3: (+1)
   \   0000004A   0x.... 0x....      ADR.W    R1,?_4
   \   0000004E   0x4620             MOV      R0,R4
   \   00000050   0x.... 0x....      BL       strcmp
   \   00000054   0x2800             CMP      R0,#+0
   \   00000056   0xD101             BNE.N    ??inv_sensor_id_value_4
   \   00000058   0x2005             MOVS     R0,#+5
   \   0000005A   0xBD10             POP      {R4,PC}
   \                     ??inv_sensor_id_value_4: (+1)
   \   0000005C   0x.... 0x....      ADR.W    R1,?_5
   \   00000060   0x4620             MOV      R0,R4
   \   00000062   0x.... 0x....      BL       strcmp
   \   00000066   0x2800             CMP      R0,#+0
   \   00000068   0xD101             BNE.N    ??inv_sensor_id_value_5
   \   0000006A   0x2006             MOVS     R0,#+6
   \   0000006C   0xBD10             POP      {R4,PC}
   \                     ??inv_sensor_id_value_5: (+1)
   \   0000006E   0x.... 0x....      ADR.W    R1,?_6
   \   00000072   0x4620             MOV      R0,R4
   \   00000074   0x.... 0x....      BL       strcmp
   \   00000078   0x2800             CMP      R0,#+0
   \   0000007A   0xD101             BNE.N    ??inv_sensor_id_value_6
   \   0000007C   0x2007             MOVS     R0,#+7
   \   0000007E   0xBD10             POP      {R4,PC}
   \                     ??inv_sensor_id_value_6: (+1)
   \   00000080   0x.... 0x....      ADR.W    R1,?_7
   \   00000084   0x4620             MOV      R0,R4
   \   00000086   0x.... 0x....      BL       strcmp
   \   0000008A   0x2800             CMP      R0,#+0
   \   0000008C   0xD101             BNE.N    ??inv_sensor_id_value_7
   \   0000008E   0x2008             MOVS     R0,#+8
   \   00000090   0xBD10             POP      {R4,PC}
   \                     ??inv_sensor_id_value_7: (+1)
   \   00000092   0x.... 0x....      ADR.W    R1,?_8
   \   00000096   0x4620             MOV      R0,R4
   \   00000098   0x.... 0x....      BL       strcmp
   \   0000009C   0x2800             CMP      R0,#+0
   \   0000009E   0xD101             BNE.N    ??inv_sensor_id_value_8
   \   000000A0   0x2009             MOVS     R0,#+9
   \   000000A2   0xBD10             POP      {R4,PC}
   \                     ??inv_sensor_id_value_8: (+1)
   \   000000A4   0x.... 0x....      ADR.W    R1,?_9
   \   000000A8   0x4620             MOV      R0,R4
   \   000000AA   0x.... 0x....      BL       strcmp
   \   000000AE   0x2800             CMP      R0,#+0
   \   000000B0   0xD101             BNE.N    ??inv_sensor_id_value_9
   \   000000B2   0x200A             MOVS     R0,#+10
   \   000000B4   0xBD10             POP      {R4,PC}
   \                     ??inv_sensor_id_value_9: (+1)
   \   000000B6   0x.... 0x....      ADR.W    R1,?_10
   \   000000BA   0x4620             MOV      R0,R4
   \   000000BC   0x.... 0x....      BL       strcmp
   \   000000C0   0x2800             CMP      R0,#+0
   \   000000C2   0xD101             BNE.N    ??inv_sensor_id_value_10
   \   000000C4   0x200B             MOVS     R0,#+11
   \   000000C6   0xBD10             POP      {R4,PC}
   \                     ??inv_sensor_id_value_10: (+1)
   \   000000C8   0x.... 0x....      ADR.W    R1,?_11
   \   000000CC   0x4620             MOV      R0,R4
   \   000000CE   0x.... 0x....      BL       strcmp
   \   000000D2   0x2800             CMP      R0,#+0
   \   000000D4   0xD101             BNE.N    ??inv_sensor_id_value_11
   \   000000D6   0x200C             MOVS     R0,#+12
   \   000000D8   0xBD10             POP      {R4,PC}
   \                     ??inv_sensor_id_value_11: (+1)
   \   000000DA   0x.... 0x....      ADR.W    R1,?_12
   \   000000DE   0x4620             MOV      R0,R4
   \   000000E0   0x.... 0x....      BL       strcmp
   \   000000E4   0x2800             CMP      R0,#+0
   \   000000E6   0xD101             BNE.N    ??inv_sensor_id_value_12
   \   000000E8   0x200D             MOVS     R0,#+13
   \   000000EA   0xBD10             POP      {R4,PC}
   \                     ??inv_sensor_id_value_12: (+1)
   \   000000EC   0x.... 0x....      ADR.W    R1,?_13
   \   000000F0   0x4620             MOV      R0,R4
   \   000000F2   0x.... 0x....      BL       strcmp
   \   000000F6   0x2800             CMP      R0,#+0
   \   000000F8   0xD101             BNE.N    ??inv_sensor_id_value_13
   \   000000FA   0x200E             MOVS     R0,#+14
   \   000000FC   0xBD10             POP      {R4,PC}
   \                     ??inv_sensor_id_value_13: (+1)
   \   000000FE   0x.... 0x....      ADR.W    R1,?_14
   \   00000102   0x4620             MOV      R0,R4
   \   00000104   0x.... 0x....      BL       strcmp
   \   00000108   0x2800             CMP      R0,#+0
   \   0000010A   0xD101             BNE.N    ??inv_sensor_id_value_14
   \   0000010C   0x200F             MOVS     R0,#+15
   \   0000010E   0xBD10             POP      {R4,PC}
   \                     ??inv_sensor_id_value_14: (+1)
   \   00000110   0x.... 0x....      ADR.W    R1,?_15
   \   00000114   0x4620             MOV      R0,R4
   \   00000116   0x.... 0x....      BL       strcmp
   \   0000011A   0x2800             CMP      R0,#+0
   \   0000011C   0xD101             BNE.N    ??inv_sensor_id_value_15
   \   0000011E   0x2010             MOVS     R0,#+16
   \   00000120   0xBD10             POP      {R4,PC}
   \                     ??inv_sensor_id_value_15: (+1)
   \   00000122   0xA1D4             ADR.N    R1,??inv_sensor_id_value_16  ;; "SMD"
   \   00000124   0x4620             MOV      R0,R4
   \   00000126   0x.... 0x....      BL       strcmp
   \   0000012A   0x2800             CMP      R0,#+0
   \   0000012C   0xD101             BNE.N    ??inv_sensor_id_value_17
   \   0000012E   0x2011             MOVS     R0,#+17
   \   00000130   0xBD10             POP      {R4,PC}
   \                     ??inv_sensor_id_value_17: (+1)
   \   00000132   0x.... 0x....      ADR.W    R1,?_17
   \   00000136   0x4620             MOV      R0,R4
   \   00000138   0x.... 0x....      BL       strcmp
   \   0000013C   0x2800             CMP      R0,#+0
   \   0000013E   0xD101             BNE.N    ??inv_sensor_id_value_18
   \   00000140   0x2012             MOVS     R0,#+18
   \   00000142   0xBD10             POP      {R4,PC}
   \                     ??inv_sensor_id_value_18: (+1)
   \   00000144   0x.... 0x....      ADR.W    R1,?_18
   \   00000148   0x4620             MOV      R0,R4
   \   0000014A   0x.... 0x....      BL       strcmp
   \   0000014E   0x2800             CMP      R0,#+0
   \   00000150   0xD101             BNE.N    ??inv_sensor_id_value_19
   \   00000152   0x2013             MOVS     R0,#+19
   \   00000154   0xBD10             POP      {R4,PC}
   \                     ??inv_sensor_id_value_19: (+1)
   \   00000156   0x.... 0x....      ADR.W    R1,?_19
   \   0000015A   0x4620             MOV      R0,R4
   \   0000015C   0x.... 0x....      BL       strcmp
   \   00000160   0x2800             CMP      R0,#+0
   \   00000162   0xD101             BNE.N    ??inv_sensor_id_value_20
   \   00000164   0x2014             MOVS     R0,#+20
   \   00000166   0xBD10             POP      {R4,PC}
   \                     ??inv_sensor_id_value_20: (+1)
   \   00000168   0x.... 0x....      ADR.W    R1,?_20
   \   0000016C   0x4620             MOV      R0,R4
   \   0000016E   0x.... 0x....      BL       strcmp
   \   00000172   0x2800             CMP      R0,#+0
   \   00000174   0xD101             BNE.N    ??inv_sensor_id_value_21
   \   00000176   0x2015             MOVS     R0,#+21
   \   00000178   0xBD10             POP      {R4,PC}
   \                     ??inv_sensor_id_value_21: (+1)
   \   0000017A   0x.... 0x....      ADR.W    R1,?_21
   \   0000017E   0x4620             MOV      R0,R4
   \   00000180   0x.... 0x....      BL       strcmp
   \   00000184   0x2800             CMP      R0,#+0
   \   00000186   0xD101             BNE.N    ??inv_sensor_id_value_22
   \   00000188   0x2016             MOVS     R0,#+22
   \   0000018A   0xBD10             POP      {R4,PC}
   \                     ??inv_sensor_id_value_22: (+1)
   \   0000018C   0x.... 0x....      ADR.W    R1,?_22
   \   00000190   0x4620             MOV      R0,R4
   \   00000192   0x.... 0x....      BL       strcmp
   \   00000196   0x2800             CMP      R0,#+0
   \   00000198   0xD101             BNE.N    ??inv_sensor_id_value_23
   \   0000019A   0x2017             MOVS     R0,#+23
   \   0000019C   0xBD10             POP      {R4,PC}
   \                     ??inv_sensor_id_value_23: (+1)
   \   0000019E   0x.... 0x....      ADR.W    R1,?_23
   \   000001A2   0x4620             MOV      R0,R4
   \   000001A4   0x.... 0x....      BL       strcmp
   \   000001A8   0x2800             CMP      R0,#+0
   \   000001AA   0xD101             BNE.N    ??inv_sensor_id_value_24
   \   000001AC   0x2018             MOVS     R0,#+24
   \   000001AE   0xBD10             POP      {R4,PC}
   \                     ??inv_sensor_id_value_24: (+1)
   \   000001B0   0x.... 0x....      ADR.W    R1,?_24
   \   000001B4   0x4620             MOV      R0,R4
   \   000001B6   0x.... 0x....      BL       strcmp
   \   000001BA   0x2800             CMP      R0,#+0
   \   000001BC   0xD101             BNE.N    ??inv_sensor_id_value_25
   \   000001BE   0x2019             MOVS     R0,#+25
   \   000001C0   0xBD10             POP      {R4,PC}
   \                     ??inv_sensor_id_value_25: (+1)
   \   000001C2   0x.... 0x....      ADR.W    R1,?_25
   \   000001C6   0x4620             MOV      R0,R4
   \   000001C8   0x.... 0x....      BL       strcmp
   \   000001CC   0x2800             CMP      R0,#+0
   \   000001CE   0xD101             BNE.N    ??inv_sensor_id_value_26
   \   000001D0   0x2020             MOVS     R0,#+32
   \   000001D2   0xBD10             POP      {R4,PC}
   \                     ??inv_sensor_id_value_26: (+1)
   \   000001D4   0x.... 0x....      ADR.W    R1,?_26
   \   000001D8   0x4620             MOV      R0,R4
   \   000001DA   0x.... 0x....      BL       strcmp
   \   000001DE   0x2800             CMP      R0,#+0
   \   000001E0   0xD101             BNE.N    ??inv_sensor_id_value_27
   \   000001E2   0x2022             MOVS     R0,#+34
   \   000001E4   0xBD10             POP      {R4,PC}
   \                     ??inv_sensor_id_value_27: (+1)
   \   000001E6   0x.... 0x....      ADR.W    R1,?_27
   \   000001EA   0x4620             MOV      R0,R4
   \   000001EC   0x.... 0x....      BL       strcmp
   \   000001F0   0x2800             CMP      R0,#+0
   \   000001F2   0xD101             BNE.N    ??inv_sensor_id_value_28
   \   000001F4   0x2021             MOVS     R0,#+33
   \   000001F6   0xBD10             POP      {R4,PC}
   \                     ??inv_sensor_id_value_28: (+1)
   \   000001F8   0x.... 0x....      ADR.W    R1,?_28
   \   000001FC   0x4620             MOV      R0,R4
   \   000001FE   0x.... 0x....      BL       strcmp
   \   00000202   0x2800             CMP      R0,#+0
   \   00000204   0xD101             BNE.N    ??inv_sensor_id_value_29
   \   00000206   0x2023             MOVS     R0,#+35
   \   00000208   0xBD10             POP      {R4,PC}
   \                     ??inv_sensor_id_value_29: (+1)
   \   0000020A   0x....             ADR.N    R1,??DataTable66  ;; "BAC"
   \   0000020C   0x4620             MOV      R0,R4
   \   0000020E   0x.... 0x....      BL       strcmp
   \   00000212   0x2800             CMP      R0,#+0
   \   00000214   0xD101             BNE.N    ??inv_sensor_id_value_30
   \   00000216   0x201A             MOVS     R0,#+26
   \   00000218   0xBD10             POP      {R4,PC}
   \                     ??inv_sensor_id_value_30: (+1)
   \   0000021A   0x....             ADR.N    R1,??DataTable66_1  ;; "B2S"
   \   0000021C   0x4620             MOV      R0,R4
   \   0000021E   0x.... 0x....      BL       strcmp
   \   00000222   0x2800             CMP      R0,#+0
   \   00000224   0xD101             BNE.N    ??inv_sensor_id_value_31
   \   00000226   0x201C             MOVS     R0,#+28
   \   00000228   0xBD10             POP      {R4,PC}
   \                     ??inv_sensor_id_value_31: (+1)
   \   0000022A   0x....             ADR.N    R1,??DataTable66_2  ;; "PDR"
   \   0000022C   0x4620             MOV      R0,R4
   \   0000022E   0x.... 0x....      BL       strcmp
   \   00000232   0x2800             CMP      R0,#+0
   \   00000234   0xD101             BNE.N    ??inv_sensor_id_value_32
   \   00000236   0x201B             MOVS     R0,#+27
   \   00000238   0xBD10             POP      {R4,PC}
   \                     ??inv_sensor_id_value_32: (+1)
   \   0000023A   0x.... 0x....      ADR.W    R1,?_32
   \   0000023E   0x4620             MOV      R0,R4
   \   00000240   0x.... 0x....      BL       strcmp
   \   00000244   0x2800             CMP      R0,#+0
   \   00000246   0xD101             BNE.N    ??inv_sensor_id_value_33
   \   00000248   0x201D             MOVS     R0,#+29
   \   0000024A   0xBD10             POP      {R4,PC}
   \                     ??inv_sensor_id_value_33: (+1)
   \   0000024C   0x.... 0x....      ADR.W    R1,?_33
   \   00000250   0x4620             MOV      R0,R4
   \   00000252   0x.... 0x....      BL       strcmp
   \   00000256   0x2800             CMP      R0,#+0
   \   00000258   0xD101             BNE.N    ??inv_sensor_id_value_34
   \   0000025A   0x2027             MOVS     R0,#+39
   \   0000025C   0xBD10             POP      {R4,PC}
   \                     ??inv_sensor_id_value_34: (+1)
   \   0000025E   0x....             ADR.N    R1,??DataTable66_3  ;; "HRV"
   \   00000260   0x4620             MOV      R0,R4
   \   00000262   0x.... 0x....      BL       strcmp
   \   00000266   0x2800             CMP      R0,#+0
   \   00000268   0xD101             BNE.N    ??inv_sensor_id_value_35
   \   0000026A   0x2028             MOVS     R0,#+40
   \   0000026C   0xBD10             POP      {R4,PC}
   \                     ??inv_sensor_id_value_35: (+1)
   \   0000026E   0x.... 0x....      ADR.W    R1,?_35
   \   00000272   0x4620             MOV      R0,R4
   \   00000274   0x.... 0x....      BL       strcmp
   \   00000278   0x2800             CMP      R0,#+0
   \   0000027A   0xD101             BNE.N    ??inv_sensor_id_value_36
   \   0000027C   0x2029             MOVS     R0,#+41
   \   0000027E   0xBD10             POP      {R4,PC}
   \                     ??inv_sensor_id_value_36: (+1)
   \   00000280   0x.... 0x....      ADR.W    R1,?_36
   \   00000284   0x4620             MOV      R0,R4
   \   00000286   0x.... 0x....      BL       strcmp
   \   0000028A   0x2800             CMP      R0,#+0
   \   0000028C   0xD101             BNE.N    ??inv_sensor_id_value_37
   \   0000028E   0x202B             MOVS     R0,#+43
   \   00000290   0xBD10             POP      {R4,PC}
   \                     ??inv_sensor_id_value_37: (+1)
   \   00000292   0x.... 0x....      ADR.W    R1,?_37
   \   00000296   0x4620             MOV      R0,R4
   \   00000298   0x.... 0x....      BL       strcmp
   \   0000029C   0x2800             CMP      R0,#+0
   \   0000029E   0xD101             BNE.N    ??inv_sensor_id_value_38
   \   000002A0   0x202D             MOVS     R0,#+45
   \   000002A2   0xBD10             POP      {R4,PC}
   \                     ??inv_sensor_id_value_38: (+1)
   \   000002A4   0x.... 0x....      ADR.W    R1,?_38
   \   000002A8   0x4620             MOV      R0,R4
   \   000002AA   0x.... 0x....      BL       strcmp
   \   000002AE   0x2800             CMP      R0,#+0
   \   000002B0   0xD101             BNE.N    ??inv_sensor_id_value_39
   \   000002B2   0x202C             MOVS     R0,#+44
   \   000002B4   0xBD10             POP      {R4,PC}
   \                     ??inv_sensor_id_value_39: (+1)
   \   000002B6   0x.... 0x....      ADR.W    R1,?_39
   \   000002BA   0x4620             MOV      R0,R4
   \   000002BC   0x.... 0x....      BL       strcmp
   \   000002C0   0x2800             CMP      R0,#+0
   \   000002C2   0xD101             BNE.N    ??inv_sensor_id_value_40
   \   000002C4   0x202A             MOVS     R0,#+42
   \   000002C6   0xBD10             POP      {R4,PC}
   \                     ??inv_sensor_id_value_40: (+1)
   \   000002C8   0x.... 0x....      ADR.W    R1,?_40
   \   000002CC   0x4620             MOV      R0,R4
   \   000002CE   0x.... 0x....      BL       strcmp
   \   000002D2   0x2800             CMP      R0,#+0
   \   000002D4   0xD101             BNE.N    ??inv_sensor_id_value_41
   \   000002D6   0x2030             MOVS     R0,#+48
   \   000002D8   0xBD10             POP      {R4,PC}
   \                     ??inv_sensor_id_value_41: (+1)
   \   000002DA   0x.... 0x....      ADR.W    R1,?_41
   \   000002DE   0x4620             MOV      R0,R4
   \   000002E0   0x.... 0x....      BL       strcmp
   \   000002E4   0x2800             CMP      R0,#+0
   \   000002E6   0xD101             BNE.N    ??inv_sensor_id_value_42
   \   000002E8   0x202E             MOVS     R0,#+46
   \   000002EA   0xBD10             POP      {R4,PC}
   \                     ??inv_sensor_id_value_42: (+1)
   \   000002EC   0x.... 0x....      ADR.W    R1,?_42
   \   000002F0   0x4620             MOV      R0,R4
   \   000002F2   0x.... 0x....      BL       strcmp
   \   000002F6   0x2800             CMP      R0,#+0
   \   000002F8   0xD101             BNE.N    ??inv_sensor_id_value_43
   \   000002FA   0x2026             MOVS     R0,#+38
   \   000002FC   0xBD10             POP      {R4,PC}
   \                     ??inv_sensor_id_value_43: (+1)
   \   000002FE   0x.... 0x....      ADR.W    R1,?_43
   \   00000302   0x4620             MOV      R0,R4
   \   00000304   0x.... 0x....      BL       strcmp
   \   00000308   0x2800             CMP      R0,#+0
   \   0000030A   0xD101             BNE.N    ??inv_sensor_id_value_44
   \   0000030C   0x203A             MOVS     R0,#+58
   \   0000030E   0xBD10             POP      {R4,PC}
   \                     ??inv_sensor_id_value_44: (+1)
   \   00000310   0x.... 0x....      ADR.W    R1,?_44
   \   00000314   0x4620             MOV      R0,R4
   \   00000316   0x.... 0x....      BL       strcmp
   \   0000031A   0x2800             CMP      R0,#+0
   \   0000031C   0xD101             BNE.N    ??inv_sensor_id_value_45
   \   0000031E   0x203B             MOVS     R0,#+59
   \   00000320   0xBD10             POP      {R4,PC}
   \                     ??inv_sensor_id_value_45: (+1)
   \   00000322   0x....             ADR.N    R1,??DataTable66_4  ;; "WOM"
   \   00000324   0x4620             MOV      R0,R4
   \   00000326   0x.... 0x....      BL       strcmp
   \   0000032A   0x2800             CMP      R0,#+0
   \   0000032C   0xD101             BNE.N    ??inv_sensor_id_value_46
   \   0000032E   0x2039             MOVS     R0,#+57
   \   00000330   0xBD10             POP      {R4,PC}
   \                     ??inv_sensor_id_value_46: (+1)
   \   00000332   0x.... 0x....      ADR.W    R1,?_46
   \   00000336   0x4620             MOV      R0,R4
   \   00000338   0x.... 0x....      BL       strcmp
   \   0000033C   0x2800             CMP      R0,#+0
   \   0000033E   0xD101             BNE.N    ??inv_sensor_id_value_47
   \   00000340   0x2031             MOVS     R0,#+49
   \   00000342   0xBD10             POP      {R4,PC}
   \                     ??inv_sensor_id_value_47: (+1)
   \   00000344   0x.... 0x....      ADR.W    R1,?_47
   \   00000348   0x4620             MOV      R0,R4
   \   0000034A   0x.... 0x....      BL       strcmp
   \   0000034E   0x2800             CMP      R0,#+0
   \   00000350   0xD101             BNE.N    ??inv_sensor_id_value_48
   \   00000352   0x2032             MOVS     R0,#+50
   \   00000354   0xBD10             POP      {R4,PC}
   \                     ??inv_sensor_id_value_48: (+1)
   \   00000356   0x.... 0x....      ADR.W    R1,?_48
   \   0000035A   0x4620             MOV      R0,R4
   \   0000035C   0x.... 0x....      BL       strcmp
   \   00000360   0x2800             CMP      R0,#+0
   \   00000362   0xD101             BNE.N    ??inv_sensor_id_value_49
   \   00000364   0x2033             MOVS     R0,#+51
   \   00000366   0xBD10             POP      {R4,PC}
   \                     ??inv_sensor_id_value_49: (+1)
   \   00000368   0x.... 0x....      ADR.W    R1,?_49
   \   0000036C   0x4620             MOV      R0,R4
   \   0000036E   0x.... 0x....      BL       strcmp
   \   00000372   0x2800             CMP      R0,#+0
   \   00000374   0xD101             BNE.N    ??inv_sensor_id_value_50
   \   00000376   0x2034             MOVS     R0,#+52
   \   00000378   0xBD10             POP      {R4,PC}
   \                     ??inv_sensor_id_value_50: (+1)
   \   0000037A   0x.... 0x....      ADR.W    R1,?_50
   \   0000037E   0x4620             MOV      R0,R4
   \   00000380   0x.... 0x....      BL       strcmp
   \   00000384   0x2800             CMP      R0,#+0
   \   00000386   0xD101             BNE.N    ??inv_sensor_id_value_51
   \   00000388   0x2035             MOVS     R0,#+53
   \   0000038A   0xBD10             POP      {R4,PC}
   \                     ??inv_sensor_id_value_51: (+1)
   \   0000038C   0x.... 0x....      ADR.W    R1,?_51
   \   00000390   0x4620             MOV      R0,R4
   \   00000392   0x.... 0x....      BL       strcmp
   \   00000396   0x2800             CMP      R0,#+0
   \   00000398   0xD101             BNE.N    ??inv_sensor_id_value_52
   \   0000039A   0x2036             MOVS     R0,#+54
   \   0000039C   0xBD10             POP      {R4,PC}
   \                     ??inv_sensor_id_value_52: (+1)
   \   0000039E   0x.... 0x....      ADR.W    R1,?_52
   \   000003A2   0x4620             MOV      R0,R4
   \   000003A4   0x.... 0x....      BL       strcmp
   \   000003A8   0x2800             CMP      R0,#+0
   \   000003AA   0xD101             BNE.N    ??inv_sensor_id_value_53
   \   000003AC   0x2037             MOVS     R0,#+55
   \   000003AE   0xBD10             POP      {R4,PC}
   \                     ??inv_sensor_id_value_53: (+1)
   \   000003B0   0x.... 0x....      ADR.W    R1,?_53
   \   000003B4   0x4620             MOV      R0,R4
   \   000003B6   0x.... 0x....      BL       strcmp
   \   000003BA   0x2800             CMP      R0,#+0
   \   000003BC   0xD101             BNE.N    ??inv_sensor_id_value_54
   \   000003BE   0x2038             MOVS     R0,#+56
   \   000003C0   0xBD10             POP      {R4,PC}
   \                     ??inv_sensor_id_value_54: (+1)
   \   000003C2   0x....             ADR.N    R1,??DataTable66_5  ;; "EIS"
   \   000003C4   0x4620             MOV      R0,R4
   \   000003C6   0x.... 0x....      BL       strcmp
   \   000003CA   0x2800             CMP      R0,#+0
   \   000003CC   0xD101             BNE.N    ??inv_sensor_id_value_55
   \   000003CE   0x201E             MOVS     R0,#+30
   \   000003D0   0xBD10             POP      {R4,PC}
   \                     ??inv_sensor_id_value_55: (+1)
   \   000003D2   0x....             ADR.N    R1,??DataTable66_6  ;; "OIS"
   \   000003D4   0x4620             MOV      R0,R4
   \   000003D6   0x.... 0x....      BL       strcmp
   \   000003DA   0x2800             CMP      R0,#+0
   \   000003DC   0xD101             BNE.N    ??inv_sensor_id_value_56
   \   000003DE   0x201F             MOVS     R0,#+31
   \   000003E0   0xBD10             POP      {R4,PC}
   \                     ??inv_sensor_id_value_56: (+1)
   \   000003E2   0x.... 0x....      ADR.W    R1,?_56
   \   000003E6   0x4620             MOV      R0,R4
   \   000003E8   0x.... 0x....      BL       strcmp
   \   000003EC   0x2800             CMP      R0,#+0
   \   000003EE   0xD101             BNE.N    ??inv_sensor_id_value_57
   \   000003F0   0x2024             MOVS     R0,#+36
   \   000003F2   0xBD10             POP      {R4,PC}
   \                     ??inv_sensor_id_value_57: (+1)
   \   000003F4   0x....             ADR.N    R1,??DataTable66_7  ;; "MIC"
   \   000003F6   0x4620             MOV      R0,R4
   \   000003F8   0x.... 0x....      BL       strcmp
   \   000003FC   0x2800             CMP      R0,#+0
   \   000003FE   0xD101             BNE.N    ??inv_sensor_id_value_58
   \   00000400   0x2025             MOVS     R0,#+37
   \   00000402   0xBD10             POP      {R4,PC}
   \                     ??inv_sensor_id_value_58: (+1)
   \   00000404   0x.... 0x....      ADR.W    R1,?_58
   \   00000408   0x4620             MOV      R0,R4
   \   0000040A   0x.... 0x....      BL       strcmp
   \   0000040E   0x2800             CMP      R0,#+0
   \   00000410   0xD101             BNE.N    ??inv_sensor_id_value_59
   \   00000412   0x202F             MOVS     R0,#+47
   \   00000414   0xBD10             POP      {R4,PC}
   \                     ??inv_sensor_id_value_59: (+1)
   \   00000416   0x.... 0x....      ADR.W    R1,?_59
   \   0000041A   0x4620             MOV      R0,R4
   \   0000041C   0x.... 0x....      BL       strcmp
   \   00000420   0x2800             CMP      R0,#+0
   \   00000422   0xD101             BNE.N    ??inv_sensor_id_value_60
   \   00000424   0x203C             MOVS     R0,#+60
   \   00000426   0xBD10             POP      {R4,PC}
   \                     ??inv_sensor_id_value_60: (+1)
   \   00000428   0x.... 0x....      ADR.W    R1,?_60
   \   0000042C   0x4620             MOV      R0,R4
   \   0000042E   0x.... 0x....      BL       strcmp
   \   00000432   0x2800             CMP      R0,#+0
   \   00000434   0xD101             BNE.N    ??inv_sensor_id_value_61
   \   00000436   0x203D             MOVS     R0,#+61
   \   00000438   0xBD10             POP      {R4,PC}
   \                     ??inv_sensor_id_value_61: (+1)
   \   0000043A   0x.... 0x....      ADR.W    R1,?_61
   \   0000043E   0x4620             MOV      R0,R4
   \   00000440   0x.... 0x....      BL       strcmp
   \   00000444   0x2800             CMP      R0,#+0
   \   00000446   0xD101             BNE.N    ??inv_sensor_id_value_62
   \   00000448   0x203E             MOVS     R0,#+62
   \   0000044A   0xBD10             POP      {R4,PC}
   \                     ??inv_sensor_id_value_62: (+1)
   \   0000044C   0x.... 0x....      ADR.W    R1,?_62
   \   00000450   0x4620             MOV      R0,R4
   \   00000452   0x.... 0x....      BL       strcmp
   \   00000456   0x2800             CMP      R0,#+0
   \   00000458   0xD101             BNE.N    ??inv_sensor_id_value_63
   \   0000045A   0x203F             MOVS     R0,#+63
   \   0000045C   0xBD10             POP      {R4,PC}
   \                     ??inv_sensor_id_value_63: (+1)
   \   0000045E   0x.... 0x....      ADR.W    R1,?_63
   \   00000462   0x4620             MOV      R0,R4
   \   00000464   0x.... 0x....      BL       strcmp
   \   00000468   0x2800             CMP      R0,#+0
   \   0000046A   0xD101             BNE.N    ??inv_sensor_id_value_64
   \   0000046C   0x2040             MOVS     R0,#+64
   \   0000046E   0xBD10             POP      {R4,PC}
    108          	return 0;
   \                     ??inv_sensor_id_value_64: (+1)
   \   00000470   0x2000             MOVS     R0,#+0
   \   00000472   0xBD10             POP      {R4,PC}          ;; return
   \                     ??inv_sensor_id_value_16:
   \   00000474   0x53 0x4D          DC8      "SMD"
   \              0x44 0x00    
    109          }

   \                                 In section .text, align 4, keep-with-next
   \                     ??DataTable65:
   \   00000000   0x53 0x4D          DC8      "SMD"
   \              0x44 0x00    

   \                                 In section .text, align 4, keep-with-next
   \                     ??DataTable65_1:
   \   00000000   0x42 0x41          DC8      "BAC"
   \              0x43 0x00    

   \                                 In section .text, align 4, keep-with-next
   \                     ??DataTable65_2:
   \   00000000   0x42 0x32          DC8      "B2S"
   \              0x53 0x00    

   \                                 In section .text, align 4, keep-with-next
   \                     ??DataTable65_3:
   \   00000000   0x50 0x44          DC8      "PDR"
   \              0x52 0x00    

   \                                 In section .text, align 4, keep-with-next
   \                     ??DataTable65_4:
   \   00000000   0x48 0x52          DC8      "HRV"
   \              0x56 0x00    

   \                                 In section .text, align 4, keep-with-next
   \                     ??DataTable65_5:
   \   00000000   0x57 0x4F          DC8      "WOM"
   \              0x4D 0x00    

   \                                 In section .text, align 4, keep-with-next
   \                     ??DataTable65_6:
   \   00000000   0x45 0x49          DC8      "EIS"
   \              0x53 0x00    

   \                                 In section .text, align 4, keep-with-next
   \                     ??DataTable65_7:
   \   00000000   0x4F 0x49          DC8      "OIS"
   \              0x53 0x00    

   \                                 In section .text, align 4, keep-with-next
   \                     ??DataTable65_8:
   \   00000000   0x4D 0x49          DC8      "MIC"
   \              0x43 0x00    

   \                                 In section .text, align 4, keep-with-next
   \                     ??DataTable65_9:
   \   00000000   0x00 0x00          DC8      "",0x0,0x0,0x0
   \              0x00 0x00    

   \                                 In section .text, align 4, keep-with-next
   \                     ??DataTable66:
   \   00000000   0x42 0x41          DC8      "BAC"
   \              0x43 0x00    

   \                                 In section .text, align 4, keep-with-next
   \                     ??DataTable66_1:
   \   00000000   0x42 0x32          DC8      "B2S"
   \              0x53 0x00    

   \                                 In section .text, align 4, keep-with-next
   \                     ??DataTable66_2:
   \   00000000   0x50 0x44          DC8      "PDR"
   \              0x52 0x00    

   \                                 In section .text, align 4, keep-with-next
   \                     ??DataTable66_3:
   \   00000000   0x48 0x52          DC8      "HRV"
   \              0x56 0x00    

   \                                 In section .text, align 4, keep-with-next
   \                     ??DataTable66_4:
   \   00000000   0x57 0x4F          DC8      "WOM"
   \              0x4D 0x00    

   \                                 In section .text, align 4, keep-with-next
   \                     ??DataTable66_5:
   \   00000000   0x45 0x49          DC8      "EIS"
   \              0x53 0x00    

   \                                 In section .text, align 4, keep-with-next
   \                     ??DataTable66_6:
   \   00000000   0x4F 0x49          DC8      "OIS"
   \              0x53 0x00    

   \                                 In section .text, align 4, keep-with-next
   \                     ??DataTable66_7:
   \   00000000   0x4D 0x49          DC8      "MIC"
   \              0x43 0x00    

   \                                 In section .text, align 4, keep-with-next
   \                     ?_0:
   \   00000000   0x41 0x43          DC8 "ACCELEROMETER"
   \              0x43 0x45    
   \              0x4C 0x45    
   \              0x52 0x4F    
   \              0x4D 0x45    
   \              0x54 0x45    
   \              0x52 0x00    
   \   0000000E   0x00 0x00          DC8 0, 0

   \                                 In section .text, align 4, keep-with-next
   \                     ?_1:
   \   00000000   0x4D 0x41          DC8 "MAGNETOMETER"
   \              0x47 0x4E    
   \              0x45 0x54    
   \              0x4F 0x4D    
   \              0x45 0x54    
   \              0x45 0x52    
   \              0x00         
   \   0000000D   0x00 0x00          DC8 0, 0, 0
   \              0x00         

   \                                 In section .text, align 4, keep-with-next
   \                     ?_2:
   \   00000000   0x4F 0x52          DC8 "ORIENTATION"
   \              0x49 0x45    
   \              0x4E 0x54    
   \              0x41 0x54    
   \              0x49 0x4F    
   \              0x4E 0x00    

   \                                 In section .text, align 4, keep-with-next
   \                     ?_3:
   \   00000000   0x47 0x59          DC8 "GYROSCOPE"
   \              0x52 0x4F    
   \              0x53 0x43    
   \              0x4F 0x50    
   \              0x45 0x00    
   \   0000000A   0x00 0x00          DC8 0, 0

   \                                 In section .text, align 4, keep-with-next
   \                     ?_4:
   \   00000000   0x4C 0x49          DC8 "LIGHT"
   \              0x47 0x48    
   \              0x54 0x00    
   \   00000006   0x00 0x00          DC8 0, 0

   \                                 In section .text, align 4, keep-with-next
   \                     ?_5:
   \   00000000   0x50 0x52          DC8 "PRESSURE"
   \              0x45 0x53    
   \              0x53 0x55    
   \              0x52 0x45    
   \              0x00         
   \   00000009   0x00 0x00          DC8 0, 0, 0
   \              0x00         

   \                                 In section .rodata, align 4, keep-with-next
   \                     ?_16:
   \   00000000   0x53 0x4D          DC8 "SMD"
   \              0x44 0x00    

   \                                 In section .rodata, align 4, keep-with-next
   \                     ?_29:
   \   00000000   0x42 0x41          DC8 "BAC"
   \              0x43 0x00    

   \                                 In section .rodata, align 4, keep-with-next
   \                     ?_30:
   \   00000000   0x42 0x32          DC8 "B2S"
   \              0x53 0x00    

   \                                 In section .rodata, align 4, keep-with-next
   \                     ?_31:
   \   00000000   0x50 0x44          DC8 "PDR"
   \              0x52 0x00    

   \                                 In section .rodata, align 4, keep-with-next
   \                     ?_34:
   \   00000000   0x48 0x52          DC8 "HRV"
   \              0x56 0x00    

   \                                 In section .text, align 4, keep-with-next
   \                     ?_6:
   \   00000000   0x54 0x45          DC8 "TEMPERATURE"
   \              0x4D 0x50    
   \              0x45 0x52    
   \              0x41 0x54    
   \              0x55 0x52    
   \              0x45 0x00    

   \                                 In section .text, align 4, keep-with-next
   \                     ?_7:
   \   00000000   0x50 0x52          DC8 "PROXIMITY"
   \              0x4F 0x58    
   \              0x49 0x4D    
   \              0x49 0x54    
   \              0x59 0x00    
   \   0000000A   0x00 0x00          DC8 0, 0

   \                                 In section .text, align 4, keep-with-next
   \                     ?_8:
   \   00000000   0x47 0x52          DC8 "GRAVITY"
   \              0x41 0x56    
   \              0x49 0x54    
   \              0x59 0x00    

   \                                 In section .text, align 4, keep-with-next
   \                     ?_9:
   \   00000000   0x4C 0x49          DC8 "LINEAR_ACCELERATION"
   \              0x4E 0x45    
   \              0x41 0x52    
   \              0x5F 0x41    
   \              0x43 0x43    
   \              0x45 0x4C    
   \              0x45 0x52    
   \              0x41 0x54    
   \              0x49 0x4F    
   \              0x4E 0x00    

   \                                 In section .text, align 4, keep-with-next
   \                     ?_10:
   \   00000000   0x52 0x4F          DC8 "ROTATION_VECTOR"
   \              0x54 0x41    
   \              0x54 0x49    
   \              0x4F 0x4E    
   \              0x5F 0x56    
   \              0x45 0x43    
   \              0x54 0x4F    
   \              0x52 0x00    

   \                                 In section .text, align 4, keep-with-next
   \                     ?_11:
   \   00000000   0x48 0x55          DC8 "HUMIDITY"
   \              0x4D 0x49    
   \              0x44 0x49    
   \              0x54 0x59    
   \              0x00         
   \   00000009   0x00 0x00          DC8 0, 0, 0
   \              0x00         

   \                                 In section .text, align 4, keep-with-next
   \                     ?_12:
   \   00000000   0x41 0x4D          DC8 "AMBIENT_TEMPERATURE"
   \              0x42 0x49    
   \              0x45 0x4E    
   \              0x54 0x5F    
   \              0x54 0x45    
   \              0x4D 0x50    
   \              0x45 0x52    
   \              0x41 0x54    
   \              0x55 0x52    
   \              0x45 0x00    

   \                                 In section .text, align 4, keep-with-next
   \                     ?_13:
   \   00000000   0x55 0x4E          DC8 "UNCAL_MAGNETOMETER"
   \              0x43 0x41    
   \              0x4C 0x5F    
   \              0x4D 0x41    
   \              0x47 0x4E    
   \              0x45 0x54    
   \              0x4F 0x4D    
   \              0x45 0x54    
   \              0x45 0x52    
   \              0x00         
   \   00000013   0x00               DC8 0

   \                                 In section .text, align 4, keep-with-next
   \                     ?_14:
   \   00000000   0x47 0x41          DC8 "GAME_ROTATION_VECTOR"
   \              0x4D 0x45    
   \              0x5F 0x52    
   \              0x4F 0x54    
   \              0x41 0x54    
   \              0x49 0x4F    
   \              0x4E 0x5F    
   \              0x56 0x45    
   \              0x43 0x54    
   \              0x4F 0x52    
   \              0x00         
   \   00000015   0x00 0x00          DC8 0, 0, 0
   \              0x00         

   \                                 In section .text, align 4, keep-with-next
   \                     ?_15:
   \   00000000   0x55 0x4E          DC8 "UNCAL_GYROSCOPE"
   \              0x43 0x41    
   \              0x4C 0x5F    
   \              0x47 0x59    
   \              0x52 0x4F    
   \              0x53 0x43    
   \              0x4F 0x50    
   \              0x45 0x00    

   \                                 In section .text, align 4, keep-with-next
   \                     ?_17:
   \   00000000   0x53 0x54          DC8 "STEP_DETECTOR"
   \              0x45 0x50    
   \              0x5F 0x44    
   \              0x45 0x54    
   \              0x45 0x43    
   \              0x54 0x4F    
   \              0x52 0x00    
   \   0000000E   0x00 0x00          DC8 0, 0

   \                                 In section .text, align 4, keep-with-next
   \                     ?_18:
   \   00000000   0x53 0x54          DC8 "STEP_COUNTER"
   \              0x45 0x50    
   \              0x5F 0x43    
   \              0x4F 0x55    
   \              0x4E 0x54    
   \              0x45 0x52    
   \              0x00         
   \   0000000D   0x00 0x00          DC8 0, 0, 0
   \              0x00         

   \                                 In section .text, align 4, keep-with-next
   \                     ?_19:
   \   00000000   0x47 0x45          DC8 "GEOMAG_ROTATION_VECTOR"
   \              0x4F 0x4D    
   \              0x41 0x47    
   \              0x5F 0x52    
   \              0x4F 0x54    
   \              0x41 0x54    
   \              0x49 0x4F    
   \              0x4E 0x5F    
   \              0x56 0x45    
   \              0x43 0x54    
   \              0x4F 0x52    
   \              0x00         
   \   00000017   0x00               DC8 0

   \                                 In section .text, align 4, keep-with-next
   \                     ?_20:
   \   00000000   0x48 0x45          DC8 "HEART_RATE"
   \              0x41 0x52    
   \              0x54 0x5F    
   \              0x52 0x41    
   \              0x54 0x45    
   \              0x00         
   \   0000000B   0x00               DC8 0

   \                                 In section .text, align 4, keep-with-next
   \                     ?_21:
   \   00000000   0x54 0x49          DC8 "TILT_DETECTOR"
   \              0x4C 0x54    
   \              0x5F 0x44    
   \              0x45 0x54    
   \              0x45 0x43    
   \              0x54 0x4F    
   \              0x52 0x00    
   \   0000000E   0x00 0x00          DC8 0, 0

   \                                 In section .text, align 4, keep-with-next
   \                     ?_22:
   \   00000000   0x57 0x41          DC8 "WAKE_GESTURE"
   \              0x4B 0x45    
   \              0x5F 0x47    
   \              0x45 0x53    
   \              0x54 0x55    
   \              0x52 0x45    
   \              0x00         
   \   0000000D   0x00 0x00          DC8 0, 0, 0
   \              0x00         

   \                                 In section .text, align 4, keep-with-next
   \                     ?_23:
   \   00000000   0x47 0x4C          DC8 "GLANCE_GESTURE"
   \              0x41 0x4E    
   \              0x43 0x45    
   \              0x5F 0x47    
   \              0x45 0x53    
   \              0x54 0x55    
   \              0x52 0x45    
   \              0x00         
   \   0000000F   0x00               DC8 0

   \                                 In section .text, align 4, keep-with-next
   \                     ?_24:
   \   00000000   0x50 0x49          DC8 "PICK_UP_GESTURE"
   \              0x43 0x4B    
   \              0x5F 0x55    
   \              0x50 0x5F    
   \              0x47 0x45    
   \              0x53 0x54    
   \              0x55 0x52    
   \              0x45 0x00    

   \                                 In section .text, align 4, keep-with-next
   \                     ?_25:
   \   00000000   0x52 0x41          DC8 "RAW_ACCELEROMETER"
   \              0x57 0x5F    
   \              0x41 0x43    
   \              0x43 0x45    
   \              0x4C 0x45    
   \              0x52 0x4F    
   \              0x4D 0x45    
   \              0x54 0x45    
   \              0x52 0x00    
   \   00000012   0x00 0x00          DC8 0, 0

   \                                 In section .text, align 4, keep-with-next
   \                     ?_26:
   \   00000000   0x52 0x41          DC8 "RAW_MAGNETOMETER"
   \              0x57 0x5F    
   \              0x4D 0x41    
   \              0x47 0x4E    
   \              0x45 0x54    
   \              0x4F 0x4D    
   \              0x45 0x54    
   \              0x45 0x52    
   \              0x00         
   \   00000011   0x00 0x00          DC8 0, 0, 0
   \              0x00         

   \                                 In section .text, align 4, keep-with-next
   \                     ?_27:
   \   00000000   0x52 0x41          DC8 "RAW_GYROSCOPE"
   \              0x57 0x5F    
   \              0x47 0x59    
   \              0x52 0x4F    
   \              0x53 0x43    
   \              0x4F 0x50    
   \              0x45 0x00    
   \   0000000E   0x00 0x00          DC8 0, 0

   \                                 In section .text, align 4, keep-with-next
   \                     ?_28:
   \   00000000   0x52 0x41          DC8 "RAW_TEMPERATURE"
   \              0x57 0x5F    
   \              0x54 0x45    
   \              0x4D 0x50    
   \              0x45 0x52    
   \              0x41 0x54    
   \              0x55 0x52    
   \              0x45 0x00    

   \                                 In section .text, align 4, keep-with-next
   \                     ?_32:
   \   00000000   0x41 0x43          DC8 "ACC_ROTATION_VECTOR"
   \              0x43 0x5F    
   \              0x52 0x4F    
   \              0x54 0x41    
   \              0x54 0x49    
   \              0x4F 0x4E    
   \              0x5F 0x56    
   \              0x45 0x43    
   \              0x54 0x4F    
   \              0x52 0x00    

   \                                 In section .text, align 4, keep-with-next
   \                     ?_33:
   \   00000000   0x52 0x41          DC8 "RAW_PPG"
   \              0x57 0x5F    
   \              0x50 0x50    
   \              0x47 0x00    

   \                                 In section .text, align 4, keep-with-next
   \                     ?_35:
   \   00000000   0x53 0x4C          DC8 "SLEEP_ANALYSIS"
   \              0x45 0x45    
   \              0x50 0x5F    
   \              0x41 0x4E    
   \              0x41 0x4C    
   \              0x59 0x53    
   \              0x49 0x53    
   \              0x00         
   \   0000000F   0x00               DC8 0

   \                                 In section .text, align 4, keep-with-next
   \                     ?_36:
   \   00000000   0x41 0x41          DC8 "AAR_STATISTICS"
   \              0x52 0x5F    
   \              0x53 0x54    
   \              0x41 0x54    
   \              0x49 0x53    
   \              0x54 0x49    
   \              0x43 0x53    
   \              0x00         
   \   0000000F   0x00               DC8 0

   \                                 In section .text, align 4, keep-with-next
   \                     ?_37:
   \   00000000   0x45 0x4E          DC8 "ENERGY_EXPENDITURE"
   \              0x45 0x52    
   \              0x47 0x59    
   \              0x5F 0x45    
   \              0x58 0x50    
   \              0x45 0x4E    
   \              0x44 0x49    
   \              0x54 0x55    
   \              0x52 0x45    
   \              0x00         
   \   00000013   0x00               DC8 0

   \                                 In section .text, align 4, keep-with-next
   \                     ?_38:
   \   00000000   0x46 0x4C          DC8 "FLOOR_CLIMB_COUNTER"
   \              0x4F 0x4F    
   \              0x52 0x5F    
   \              0x43 0x4C    
   \              0x49 0x4D    
   \              0x42 0x5F    
   \              0x43 0x4F    
   \              0x55 0x4E    
   \              0x54 0x45    
   \              0x52 0x00    

   \                                 In section .text, align 4, keep-with-next
   \                     ?_39:
   \   00000000   0x41 0x41          DC8 "AAR_WEARABLE"
   \              0x52 0x5F    
   \              0x57 0x45    
   \              0x41 0x52    
   \              0x41 0x42    
   \              0x4C 0x45    
   \              0x00         
   \   0000000D   0x00 0x00          DC8 0, 0, 0
   \              0x00         

   \                                 In section .text, align 4, keep-with-next
   \                     ?_40:
   \   00000000   0x44 0x4F          DC8 "DOUBLE_TAP"
   \              0x55 0x42    
   \              0x4C 0x45    
   \              0x5F 0x54    
   \              0x41 0x50    
   \              0x00         
   \   0000000B   0x00               DC8 0

   \                                 In section .text, align 4, keep-with-next
   \                     ?_41:
   \   00000000   0x44 0x49          DC8 "DISTANCE"
   \              0x53 0x54    
   \              0x41 0x4E    
   \              0x43 0x45    
   \              0x00         
   \   00000009   0x00 0x00          DC8 0, 0, 0
   \              0x00         

   \                                 In section .text, align 4, keep-with-next
   \                     ?_42:
   \   00000000   0x54 0x53          DC8 "TS_IMU"
   \              0x5F 0x49    
   \              0x4D 0x55    
   \              0x00         
   \   00000007   0x00               DC8 0

   \                                 In section .text, align 4, keep-with-next
   \                     ?_43:
   \   00000000   0x53 0x45          DC8 "SEDENTARY_REMIND"
   \              0x44 0x45    
   \              0x4E 0x54    
   \              0x41 0x52    
   \              0x59 0x5F    
   \              0x52 0x45    
   \              0x4D 0x49    
   \              0x4E 0x44    
   \              0x00         
   \   00000011   0x00 0x00          DC8 0, 0, 0
   \              0x00         

   \                                 In section .text, align 4, keep-with-next
   \                     ?_44:
   \   00000000   0x44 0x41          DC8 "DATA_ENCRYPTION"
   \              0x54 0x41    
   \              0x5F 0x45    
   \              0x4E 0x43    
   \              0x52 0x59    
   \              0x50 0x54    
   \              0x49 0x4F    
   \              0x4E 0x00    

   \                                 In section .text, align 4, keep-with-next
   \                     ?_46:
   \   00000000   0x43 0x55          DC8 "CUSTOM_0"
   \              0x53 0x54    
   \              0x4F 0x4D    
   \              0x5F 0x30    
   \              0x00         
   \   00000009   0x00 0x00          DC8 0, 0, 0
   \              0x00         

   \                                 In section .text, align 4, keep-with-next
   \                     ?_47:
   \   00000000   0x43 0x55          DC8 "CUSTOM_1"
   \              0x53 0x54    
   \              0x4F 0x4D    
   \              0x5F 0x31    
   \              0x00         
   \   00000009   0x00 0x00          DC8 0, 0, 0
   \              0x00         

   \                                 In section .text, align 4, keep-with-next
   \                     ?_48:
   \   00000000   0x43 0x55          DC8 "CUSTOM_2"
   \              0x53 0x54    
   \              0x4F 0x4D    
   \              0x5F 0x32    
   \              0x00         
   \   00000009   0x00 0x00          DC8 0, 0, 0
   \              0x00         

   \                                 In section .text, align 4, keep-with-next
   \                     ?_49:
   \   00000000   0x43 0x55          DC8 "CUSTOM_3"
   \              0x53 0x54    
   \              0x4F 0x4D    
   \              0x5F 0x33    
   \              0x00         
   \   00000009   0x00 0x00          DC8 0, 0, 0
   \              0x00         

   \                                 In section .text, align 4, keep-with-next
   \                     ?_50:
   \   00000000   0x43 0x55          DC8 "CUSTOM_4"
   \              0x53 0x54    
   \              0x4F 0x4D    
   \              0x5F 0x34    
   \              0x00         
   \   00000009   0x00 0x00          DC8 0, 0, 0
   \              0x00         

   \                                 In section .text, align 4, keep-with-next
   \                     ?_51:
   \   00000000   0x43 0x55          DC8 "CUSTOM_5"
   \              0x53 0x54    
   \              0x4F 0x4D    
   \              0x5F 0x35    
   \              0x00         
   \   00000009   0x00 0x00          DC8 0, 0, 0
   \              0x00         

   \                                 In section .text, align 4, keep-with-next
   \                     ?_52:
   \   00000000   0x43 0x55          DC8 "CUSTOM_6"
   \              0x53 0x54    
   \              0x4F 0x4D    
   \              0x5F 0x36    
   \              0x00         
   \   00000009   0x00 0x00          DC8 0, 0, 0
   \              0x00         

   \                                 In section .text, align 4, keep-with-next
   \                     ?_53:
   \   00000000   0x43 0x55          DC8 "CUSTOM_7"
   \              0x53 0x54    
   \              0x4F 0x4D    
   \              0x5F 0x37    
   \              0x00         
   \   00000009   0x00 0x00          DC8 0, 0, 0
   \              0x00         

   \                                 In section .text, align 4, keep-with-next
   \                     ?_56:
   \   00000000   0x43 0x55          DC8 "CUSTOM_PRESSURE"
   \              0x53 0x54    
   \              0x4F 0x4D    
   \              0x5F 0x50    
   \              0x52 0x45    
   \              0x53 0x53    
   \              0x55 0x52    
   \              0x45 0x00    

   \                                 In section .text, align 4, keep-with-next
   \                     ?_58:
   \   00000000   0x53 0x48          DC8 "SHAKE"
   \              0x41 0x4B    
   \              0x45 0x00    
   \   00000006   0x00 0x00          DC8 0, 0

   \                                 In section .text, align 4, keep-with-next
   \                     ?_59:
   \   00000000   0x46 0x53          DC8 "FSYNC_EVENT"
   \              0x59 0x4E    
   \              0x43 0x5F    
   \              0x45 0x56    
   \              0x45 0x4E    
   \              0x54 0x00    

   \                                 In section .text, align 4, keep-with-next
   \                     ?_60:
   \   00000000   0x48 0x49          DC8 "HIGH_RATE_GYRO"
   \              0x47 0x48    
   \              0x5F 0x52    
   \              0x41 0x54    
   \              0x45 0x5F    
   \              0x47 0x59    
   \              0x52 0x4F    
   \              0x00         
   \   0000000F   0x00               DC8 0

   \                                 In section .text, align 4, keep-with-next
   \                     ?_61:
   \   00000000   0x43 0x55          DC8 "CUSTOM_BSCD"
   \              0x53 0x54    
   \              0x4F 0x4D    
   \              0x5F 0x42    
   \              0x53 0x43    
   \              0x44 0x00    

   \                                 In section .text, align 4, keep-with-next
   \                     ?_62:
   \   00000000   0x48 0x52          DC8 "HRM_LOGGER"
   \              0x4D 0x5F    
   \              0x4C 0x4F    
   \              0x47 0x47    
   \              0x45 0x52    
   \              0x00         
   \   0000000B   0x00               DC8 0

   \                                 In section .text, align 4, keep-with-next
   \                     ?_63:
   \   00000000   0x50 0x52          DC8 "PREDICTIVE_QUATERNION"
   \              0x45 0x44    
   \              0x49 0x43    
   \              0x54 0x49    
   \              0x56 0x45    
   \              0x5F 0x51    
   \              0x55 0x41    
   \              0x54 0x45    
   \              0x52 0x4E    
   \              0x49 0x4F    
   \              0x4E 0x00    
   \   00000016   0x00 0x00          DC8 0, 0

   \                                 In section .rodata, align 4, keep-with-next
   \                     ?_45:
   \   00000000   0x57 0x4F          DC8 "WOM"
   \              0x4D 0x00    

   \                                 In section .rodata, align 4, keep-with-next
   \                     ?_54:
   \   00000000   0x45 0x49          DC8 "EIS"
   \              0x53 0x00    

   \                                 In section .rodata, align 4, keep-with-next
   \                     ?_55:
   \   00000000   0x4F 0x49          DC8 "OIS"
   \              0x53 0x00    

   \                                 In section .rodata, align 4, keep-with-next
   \                     ?_57:
   \   00000000   0x4D 0x49          DC8 "MIC"
   \              0x43 0x00    

   \                                 In section .rodata, align 1, keep-with-next
   \                     ?_64:
   \   00000000   0x00               DC8 ""
    110          
    111          //-----------------------------------------------------------------------------

   Maximum stack usage in bytes:

   .cstack Function
   ------- --------
       0   inv_sensor_id_name
       8   inv_sensor_id_value
         8   -> strcmp


   Section sizes:

   Bytes  Function/Label
   -----  --------------
       4  ??DataTable65
       4  ??DataTable65_1
       4  ??DataTable65_2
       4  ??DataTable65_3
       4  ??DataTable65_4
       4  ??DataTable65_5
       4  ??DataTable65_6
       4  ??DataTable65_7
       4  ??DataTable65_8
       4  ??DataTable65_9
       4  ??DataTable66
       4  ??DataTable66_1
       4  ??DataTable66_2
       4  ??DataTable66_3
       4  ??DataTable66_4
       4  ??DataTable66_5
       4  ??DataTable66_6
       4  ??DataTable66_7
      16  ?_0
      16  ?_1
      16  ?_10
      12  ?_11
      20  ?_12
      20  ?_13
      24  ?_14
      16  ?_15
       4  ?_16
      16  ?_17
      16  ?_18
      24  ?_19
      12  ?_2
      12  ?_20
      16  ?_21
      16  ?_22
      16  ?_23
      16  ?_24
      20  ?_25
      20  ?_26
      16  ?_27
      16  ?_28
       4  ?_29
      12  ?_3
       4  ?_30
       4  ?_31
      20  ?_32
       8  ?_33
       4  ?_34
      16  ?_35
      16  ?_36
      20  ?_37
      20  ?_38
      16  ?_39
       8  ?_4
      12  ?_40
      12  ?_41
       8  ?_42
      20  ?_43
      16  ?_44
       4  ?_45
      12  ?_46
      12  ?_47
      12  ?_48
      12  ?_49
      12  ?_5
      12  ?_50
      12  ?_51
      12  ?_52
      12  ?_53
       4  ?_54
       4  ?_55
      16  ?_56
       4  ?_57
       8  ?_58
      12  ?_59
      12  ?_6
      16  ?_60
      12  ?_61
      12  ?_62
      24  ?_63
       1  ?_64
      12  ?_7
       8  ?_8
      20  ?_9
     450  inv_sensor_id_name
    1144  inv_sensor_id_value

 
    37 bytes in section .rodata
 2 486 bytes in section .text
 
 2 486 bytes of CODE  memory
    37 bytes of CONST memory

Errors: none
Warnings: none
